Charm++> No provisioning arguments specified. Running with a single PE.
         Use +auto-provision to fully subscribe resources or +p1 to silence this message.
Charm++: standalone mode (not using charmrun)
Charm++> Running in Multicore mode: 1 threads (PEs)
Charm++> Using recursive bisection (scheme 3) for topology aware partitions
Converse/Charm++ Commit ID: 
CharmLB> Load balancer assumes all CPUs are same.
Charm++> Running on 1 hosts (1 sockets x 6 cores x 2 PUs = 12-way SMP)
Charm++> cpu topology info is gathered in 0.000 seconds.
CharmLB> Load balancing instrumentation for communication is off.
Info: NAMD Git-2025-12-04 for Linux-x86_64-multicore
Info: 
Info: Please visit http://www.ks.uiuc.edu/Research/namd/
Info: for updates, documentation, and support information.
Info: 
Info: Please cite Phillips et al., J. Chem. Phys. 153:044130 (2020) doi:10.1063/5.0014475
Info: in all publications reporting results obtained with NAMD.
Info: 
Info: Based on Charm++/Converse 80000 for multicore-linux-x86_64-gcc
Info: Built Thu Dec 4 09:25:02 CST 2025 by dhardy on athine.ks.uiuc.edu
Info: Source code at Git commit ID b856a9378ca44bcf5aa708d4b681af4ceb86d8ca
Info: 1 NAMD  Git-2025-12-04  Linux-x86_64-multicore  1    CCBC-pc4-04-L  1620494@uab.cat
Info: Running on 1 processors, 1 nodes, 1 physical nodes.
Info: CPU topology information available.
Info: Charm++/Converse parallel runtime startup completed at 0.00534633 s
CkLoopLib is used in SMP with simple dynamic scheduling (converse-level notification)
Info: 27.7695 MB of memory in use based on /proc/self/stat
Info: Configuration file is ubq_ws_eq.conf
Info: Working in the current directory /home/UAB/1620494/Documents/1-2-sphere
TCL: Suspending until startup complete.
Warning: Option "1-4scaling" has been deprecated. Instead use "oneFourScaling".
Warning: The Langevin gamma parameters differ over the particles,
Warning: requiring extra work per step to constrain rigid bonds.
Info: SIMULATION PARAMETERS:
Info: TIMESTEP               2
Info: NUMBER OF STEPS        0
Info: STEPS PER CYCLE        10
Info: LOAD BALANCER  Centralized
Info: LOAD BALANCING STRATEGY  New Load Balancers -- DEFAULT
Info: LDB PERIOD             2000 steps
Info: FIRST LDB TIMESTEP     50
Info: LAST LDB TIMESTEP     -1
Info: LDB BACKGROUND SCALING 1
Info: HOM BACKGROUND SCALING 1
Info: MIN ATOMS PER PATCH    40
Info: EMPTY PATCH LOAD       40 ATOMS
Info: INITIAL TEMPERATURE    310
Info: CENTER OF MASS MOVING INITIALLY? NO
Info: DIELECTRIC             1
Info: EXCLUDE                SCALED ONE-FOUR
Info: 1-4 ELECTROSTATICS SCALED BY 1
Info: MODIFIED 1-4 VDW PARAMETERS WILL BE USED
Info: DCD FILENAME           sdf_ws_eq.dcd
Info: DCD FREQUENCY          250
Info: DCD FIRST STEP         250
Info: NO EXTENDED SYSTEM TRAJECTORY OUTPUT
Info: NO VELOCITY DCD OUTPUT
Info: NO FORCE DCD OUTPUT
Info: OUTPUT FILENAME        sdf_ws_eq
Info: BINARY OUTPUT FILES WILL BE USED
Info: RESTART FILENAME       sdf_ws_eq.restart
Info: RESTART FREQUENCY      500
Info: BINARY RESTART FILES WILL BE USED
Info: NAMD will save positions and velocities to sdf_ws_eq.crash.csv when  atoms are moving too fast.
Info: SWITCHING ACTIVE
Info: SWITCHING ON           10
Info: SWITCHING OFF          12
Info: PAIRLIST DISTANCE      14
Info: PAIRLIST SHRINK RATE   0.01
Info: PAIRLIST GROW RATE     0.01
Info: PAIRLIST TRIGGER       0.3
Info: PAIRLISTS PER CYCLE    2
Info: PAIRLISTS ENABLED
Info: MARGIN                 0
Info: HYDROGEN GROUP CUTOFF  2.5
Info: PATCH DIMENSION        16.5
Info: ENERGY OUTPUT STEPS    100
Info: ENERGY EVALUATION STEPS    100
Info: OUTPUT ENERGY PRECISION 4
Info: CROSSTERM ENERGY INCLUDED IN DIHEDRAL
Info: TIMING OUTPUT STEPS    1000
Info: SPHERICAL BOUNDARY CONDITIONS ACTIVE
Info: RADIUS #1              50
Info: FORCE CONSTANT #1      10
Info: EXPONENT #1            2
Info: SPHERE BOUNDARY CENTER(56.1885, 0.645768, 0.668979)
Info: LANGEVIN DYNAMICS ACTIVE
Info: LANGEVIN TEMPERATURE   310
Info: LANGEVIN USING BBK INTEGRATOR
Info: LANGEVIN DAMPING COEFFICIENT IS 1 INVERSE PS
Info: LANGEVIN DYNAMICS NOT APPLIED TO HYDROGENS
Info: MULTILEVEL SUMMATION METHOD (MSM) FOR ELECTROSTATICS ACTIVE
Info: MSM WITH C1 CUBIC INTERPOLATION AND C2 TAYLOR SPLITTING
Info: FULL ELECTROSTATIC EVALUATION FREQUENCY      2
Info: USING VERLET I (r-RESPA) MTS SCHEME.
Info: C1 SPLITTING OF LONG RANGE ELECTROSTATICS
Info: PLACING ATOMS IN PATCHES BY HYDROGEN GROUPS
Info: RIGID BONDS TO HYDROGEN : ALL
Info:         ERROR TOLERANCE : 1e-08
Info:          MAX ITERATIONS : 100
Info: RIGID WATER USING SETTLE ALGORITHM
Info: RANDOM NUMBER SEED     1780643610
Info: USE HYDROGEN BONDS?    NO
Info: COORDINATE PDB         ../common/ionized.pdb
Info: STRUCTURE FILE         ../common/ionized.psf
Info: PARAMETER file: CHARMM format! 
Info: PARAMETERS             ../common/par_all27_prot_lipid.inp
Info: PARAMETERS             ../common/par_all36m_prot.inp
Info: USING ARITHMETIC MEAN TO COMBINE L-J SIGMA PARAMETERS

Warning: DUPLICATE BOND ENTRY FOR CA-CPT
PREVIOUS VALUES  k=305  x0=1.368
   USING VALUES  k=300  x0=1.36

Warning: DUPLICATE BOND ENTRY FOR CPT-CPT
PREVIOUS VALUES  k=360  x0=1.4
   USING VALUES  k=360  x0=1.385

Warning: DUPLICATE BOND ENTRY FOR CPT-CY
PREVIOUS VALUES  k=350  x0=1.44
   USING VALUES  k=350  x0=1.43

Warning: DUPLICATE BOND ENTRY FOR CT2-CY
PREVIOUS VALUES  k=230  x0=1.51
   USING VALUES  k=375  x0=1.492

Warning: DUPLICATE BOND ENTRY FOR CPT-NY
PREVIOUS VALUES  k=270  x0=1.375
   USING VALUES  k=270  x0=1.37

Warning: DUPLICATE BOND ENTRY FOR H-NY
PREVIOUS VALUES  k=465  x0=0.976
   USING VALUES  k=537.5  x0=0.976

Warning: DUPLICATE BOND ENTRY FOR C-NC2
PREVIOUS VALUES  k=463  x0=1.365
   USING VALUES  k=450  x0=1.365

Warning: DUPLICATE BOND ENTRY FOR CT2-NC2
PREVIOUS VALUES  k=261  x0=1.49
   USING VALUES  k=390  x0=1.49

Warning: DUPLICATE BOND ENTRY FOR CT3-NC2
PREVIOUS VALUES  k=261  x0=1.49
   USING VALUES  k=390  x0=1.49

Warning: DUPLICATE ANGLE ENTRY FOR CA-CA-CPT
PREVIOUS VALUES  k=60  theta0=2.05949 k_ub=0 r_ub=0
   USING VALUES  k=50  theta0=1.97571 k_ub=0 r_ub=0

Warning: DUPLICATE ANGLE ENTRY FOR CA-CPT-CPT
PREVIOUS VALUES  k=60  theta0=2.1293 k_ub=0 r_ub=0
   USING VALUES  k=50  theta0=1.91986 k_ub=0 r_ub=0

Warning: DUPLICATE ANGLE ENTRY FOR CA-CY-CPT
PREVIOUS VALUES  k=120  theta0=1.87448 k_ub=25 r_ub=2.261
   USING VALUES  k=85  theta0=1.85703 k_ub=25 r_ub=2.261

Warning: DUPLICATE ANGLE ENTRY FOR CA-NY-CPT
PREVIOUS VALUES  k=110  theta0=1.88496 k_ub=0 r_ub=0
   USING VALUES  k=85  theta0=1.95477 k_ub=0 r_ub=0

Warning: DUPLICATE ANGLE ENTRY FOR CA-CY-CT2
PREVIOUS VALUES  k=45.8  theta0=2.25846 k_ub=0 r_ub=0
   USING VALUES  k=30  theta0=2.21657 k_ub=0 r_ub=0

Warning: DUPLICATE ANGLE ENTRY FOR CPT-CY-CT2
PREVIOUS VALUES  k=45.8  theta0=2.16421 k_ub=0 r_ub=0
   USING VALUES  k=30  theta0=2.21133 k_ub=0 r_ub=0

Warning: DUPLICATE ANGLE ENTRY FOR CA-CPT-CY
PREVIOUS VALUES  k=160  theta0=2.2794 k_ub=0 r_ub=0
   USING VALUES  k=130  theta0=2.33001 k_ub=0 r_ub=0

Warning: DUPLICATE ANGLE ENTRY FOR CPT-CPT-CY
PREVIOUS VALUES  k=110  theta0=1.87448 k_ub=0 r_ub=0
   USING VALUES  k=85  theta0=1.88496 k_ub=0 r_ub=0

Warning: DUPLICATE ANGLE ENTRY FOR CY-CA-NY
PREVIOUS VALUES  k=120  theta0=1.91986 k_ub=25 r_ub=2.24
   USING VALUES  k=85  theta0=1.92859 k_ub=25 r_ub=2.24

Warning: DUPLICATE ANGLE ENTRY FOR CA-CPT-NY
PREVIOUS VALUES  k=160  theta0=2.2794 k_ub=0 r_ub=0
   USING VALUES  k=130  theta0=2.2602 k_ub=0 r_ub=0

Warning: DUPLICATE ANGLE ENTRY FOR CPT-CPT-NY
PREVIOUS VALUES  k=110  theta0=1.87448 k_ub=0 r_ub=0
   USING VALUES  k=95  theta0=1.87448 k_ub=0 r_ub=0

Warning: DUPLICATE ANGLE ENTRY FOR NC2-C-NC2
PREVIOUS VALUES  k=52  theta0=2.0944 k_ub=90 r_ub=2.3642
   USING VALUES  k=40  theta0=2.0944 k_ub=70 r_ub=2.31

Warning: DUPLICATE DIHEDRAL ENTRY FOR CA-CPT-CPT-CA
PREVIOUS VALUES MULTIPLICITY: 1
  k=3.1  n=2  delta=3.14159Warning: IDENTICAL PERIODICITY! CA-CPT-CPT-CA REPLACING OLD VALUES BY:   k=3  n=2  delta=3.14159

Warning: DUPLICATE DIHEDRAL ENTRY FOR CA-CA-CA-CPT
PREVIOUS VALUES MULTIPLICITY: 1
  k=3.1  n=2  delta=3.14159Warning: IDENTICAL PERIODICITY! CA-CA-CA-CPT REPLACING OLD VALUES BY:   k=3  n=2  delta=3.14159

Warning: DUPLICATE DIHEDRAL ENTRY FOR CA-CA-CPT-CPT
PREVIOUS VALUES MULTIPLICITY: 1
  k=3.1  n=2  delta=3.14159Warning: IDENTICAL PERIODICITY! CA-CA-CPT-CPT REPLACING OLD VALUES BY:   k=3  n=2  delta=3.14159

Warning: DUPLICATE DIHEDRAL ENTRY FOR CA-CY-CPT-CPT
PREVIOUS VALUES MULTIPLICITY: 1
  k=4  n=2  delta=3.14159Warning: IDENTICAL PERIODICITY! CA-CY-CPT-CPT REPLACING OLD VALUES BY:   k=5  n=2  delta=3.14159

Warning: DUPLICATE DIHEDRAL ENTRY FOR CA-NY-CPT-CPT
PREVIOUS VALUES MULTIPLICITY: 1
  k=5  n=2  delta=3.14159Warning: IDENTICAL PERIODICITY! CA-NY-CPT-CPT REPLACING OLD VALUES BY:   k=6.5  n=2  delta=3.14159

Warning: DUPLICATE DIHEDRAL ENTRY FOR CA-CPT-CY-CT2
PREVIOUS VALUES MULTIPLICITY: 1
  k=3  n=2  delta=3.14159Warning: IDENTICAL PERIODICITY! CA-CPT-CY-CT2 REPLACING OLD VALUES BY:   k=2.5  n=2  delta=3.14159

Warning: DUPLICATE DIHEDRAL ENTRY FOR CPT-NY-CA-CY
PREVIOUS VALUES MULTIPLICITY: 1
  k=5  n=2  delta=3.14159Warning: IDENTICAL PERIODICITY! CPT-NY-CA-CY REPLACING OLD VALUES BY:   k=6  n=2  delta=3.14159

Warning: DUPLICATE DIHEDRAL ENTRY FOR CA-CA-CPT-CY
PREVIOUS VALUES MULTIPLICITY: 1
  k=3  n=2  delta=3.14159Warning: IDENTICAL PERIODICITY! CA-CA-CPT-CY REPLACING OLD VALUES BY:   k=4  n=2  delta=3.14159

Warning: DUPLICATE DIHEDRAL ENTRY FOR CA-CPT-CPT-CY
PREVIOUS VALUES MULTIPLICITY: 1
  k=10  n=2  delta=3.14159Warning: IDENTICAL PERIODICITY! CA-CPT-CPT-CY REPLACING OLD VALUES BY:   k=4  n=2  delta=3.14159

Warning: DUPLICATE DIHEDRAL ENTRY FOR CY-CA-NY-H
PREVIOUS VALUES MULTIPLICITY: 1
  k=0.8  n=2  delta=3.14159Warning: IDENTICAL PERIODICITY! CY-CA-NY-H REPLACING OLD VALUES BY:   k=0.05  n=2  delta=3.14159

Warning: DUPLICATE DIHEDRAL ENTRY FOR CA-CPT-NY-H
PREVIOUS VALUES MULTIPLICITY: 1
  k=0.8  n=2  delta=3.14159Warning: IDENTICAL PERIODICITY! CA-CPT-NY-H REPLACING OLD VALUES BY:   k=0.2  n=2  delta=3.14159

Warning: DUPLICATE DIHEDRAL ENTRY FOR CPT-CPT-NY-H
PREVIOUS VALUES MULTIPLICITY: 1
  k=0.8  n=2  delta=3.14159Warning: IDENTICAL PERIODICITY! CPT-CPT-NY-H REPLACING OLD VALUES BY:   k=0.85  n=2  delta=3.14159

Warning: DUPLICATE DIHEDRAL ENTRY FOR CY-CPT-CA-HP
PREVIOUS VALUES MULTIPLICITY: 1
  k=3  n=2  delta=3.14159Warning: IDENTICAL PERIODICITY! CY-CPT-CA-HP REPLACING OLD VALUES BY:   k=4  n=2  delta=3.14159

Warning: DUPLICATE DIHEDRAL ENTRY FOR CPT-CY-CA-HP
PREVIOUS VALUES MULTIPLICITY: 1
  k=2  n=2  delta=3.14159Warning: IDENTICAL PERIODICITY! CPT-CY-CA-HP REPLACING OLD VALUES BY:   k=2.8  n=2  delta=3.14159

Warning: DUPLICATE DIHEDRAL ENTRY FOR CPT-NY-CA-HP
PREVIOUS VALUES MULTIPLICITY: 1
  k=2  n=2  delta=3.14159Warning: IDENTICAL PERIODICITY! CPT-NY-CA-HP REPLACING OLD VALUES BY:   k=2.6  n=2  delta=3.14159

Warning: DUPLICATE DIHEDRAL ENTRY FOR CPT-CPT-CY-HP
PREVIOUS VALUES MULTIPLICITY: 1
  k=2.8  n=2  delta=3.14159Warning: IDENTICAL PERIODICITY! CPT-CPT-CY-HP REPLACING OLD VALUES BY:   k=2.6  n=2  delta=3.14159

Warning: DUPLICATE DIHEDRAL ENTRY FOR CPT-CY-CA-NY
PREVIOUS VALUES MULTIPLICITY: 1
  k=4  n=2  delta=3.14159Warning: IDENTICAL PERIODICITY! CPT-CY-CA-NY REPLACING OLD VALUES BY:   k=5  n=2  delta=3.14159

Warning: DUPLICATE DIHEDRAL ENTRY FOR CT2-CY-CA-NY
PREVIOUS VALUES MULTIPLICITY: 1
  k=3.5  n=2  delta=3.14159Warning: IDENTICAL PERIODICITY! CT2-CY-CA-NY REPLACING OLD VALUES BY:   k=2.5  n=2  delta=3.14159

Warning: DUPLICATE DIHEDRAL ENTRY FOR CA-CA-CPT-NY
PREVIOUS VALUES MULTIPLICITY: 1
  k=2.8  n=2  delta=3.14159Warning: IDENTICAL PERIODICITY! CA-CA-CPT-NY REPLACING OLD VALUES BY:   k=3  n=2  delta=3.14159

Warning: DUPLICATE DIHEDRAL ENTRY FOR CA-CPT-CPT-NY
PREVIOUS VALUES MULTIPLICITY: 1
  k=10  n=2  delta=3.14159Warning: IDENTICAL PERIODICITY! CA-CPT-CPT-NY REPLACING OLD VALUES BY:   k=4  n=2  delta=3.14159

Warning: DUPLICATE DIHEDRAL ENTRY FOR CY-CPT-CPT-NY
PREVIOUS VALUES MULTIPLICITY: 1
  k=5  n=2  delta=3.14159Warning: IDENTICAL PERIODICITY! CY-CPT-CPT-NY REPLACING OLD VALUES BY:   k=6.5  n=2  delta=3.14159

Warning: DUPLICATE DIHEDRAL ENTRY FOR CA-CY-CT2-CT3
PREVIOUS VALUES MULTIPLICITY: 1
  k=0.23  n=2  delta=3.14159Warning: IDENTICAL PERIODICITY! CA-CY-CT2-CT3 REPLACING OLD VALUES BY:   k=0.38  n=2  delta=0

Warning: DUPLICATE DIHEDRAL ENTRY FOR CPT-CY-CT2-CT3
PREVIOUS VALUES MULTIPLICITY: 1
  k=0.23  n=2  delta=3.14159Warning: IDENTICAL PERIODICITY! CPT-CY-CT2-CT3 REPLACING OLD VALUES BY:   k=0.25  n=2  delta=3.14159

Warning: DUPLICATE DIHEDRAL ENTRY FOR C-NH1-CT2-CC
PREVIOUS VALUES MULTIPLICITY: 1
  k=0.2  n=1  delta=3.14159Warning: IDENTICAL PERIODICITY! C-NH1-CT2-CC REPLACING OLD VALUES BY:   k=2  n=1  delta=3.14159

Warning: DUPLICATE DIHEDRAL ENTRY FOR C-NH1-CT2-CD
PREVIOUS VALUES MULTIPLICITY: 1
  k=0.2  n=1  delta=3.14159Warning: IDENTICAL PERIODICITY! C-NH1-CT2-CD REPLACING OLD VALUES BY:   k=2  n=1  delta=3.14159

Warning: DUPLICATE DIHEDRAL ENTRY FOR CT2-CT2-CT2-CT2
PREVIOUS VALUES MULTIPLICITY: 1
  k=0.15  n=1  delta=0INCREASING MULTIPLICITY TO: 2
  k=0.1  n=2  delta=3.14159

Warning: DUPLICATE DIHEDRAL ENTRY FOR CT2-CT2-CT2-CT3
PREVIOUS VALUES MULTIPLICITY: 1
  k=0.15  n=1  delta=0INCREASING MULTIPLICITY TO: 2
  k=0.1  n=2  delta=3.14159

Warning: DUPLICATE DIHEDRAL ENTRY FOR NH1-C-CT2-NH3
PREVIOUS VALUES MULTIPLICITY: 1
  k=0.4  n=1  delta=0Warning: IDENTICAL PERIODICITY! NH1-C-CT2-NH3 REPLACING OLD VALUES BY:   k=1  n=1  delta=0

Warning: DUPLICATE DIHEDRAL ENTRY FOR X-CT2-CT2-X
PREVIOUS VALUES MULTIPLICITY: 1
  k=0.195  n=3  delta=0Warning: IDENTICAL PERIODICITY! X-CT2-CT2-X REPLACING OLD VALUES BY:   k=0.19  n=3  delta=0

Warning: DUPLICATE DIHEDRAL ENTRY FOR X-CT3-CT3-X
PREVIOUS VALUES MULTIPLICITY: 1
  k=0.155  n=3  delta=0Warning: IDENTICAL PERIODICITY! X-CT3-CT3-X REPLACING OLD VALUES BY:   k=0.1525  n=3  delta=0

Warning: DUPLICATE DIHEDRAL ENTRY FOR CT1-CT2-S-HS
PREVIOUS VALUES MULTIPLICITY: 1
  k=0.24  n=1  delta=0Warning: IDENTICAL PERIODICITY! CT1-CT2-S-HS REPLACING OLD VALUES BY:   k=0.2  n=1  delta=0
Warning: IDENTICAL PERIODICITY! CT1-CT2-S-HS REPLACING OLD VALUES BY:   k=0.65  n=2  delta=0
Warning: IDENTICAL PERIODICITY! CT1-CT2-S-HS REPLACING OLD VALUES BY:   k=0.22  n=3  delta=0

Warning: DUPLICATE DIHEDRAL ENTRY FOR CPH1-CPH1-CT2-CT1
PREVIOUS VALUES MULTIPLICITY: 1
  k=0.2  n=1  delta=0Warning: IDENTICAL PERIODICITY! CPH1-CPH1-CT2-CT1 REPLACING OLD VALUES BY:   k=1.74  n=1  delta=0
Warning: IDENTICAL PERIODICITY! CPH1-CPH1-CT2-CT1 REPLACING OLD VALUES BY:   k=0.15  n=2  delta=0
Warning: IDENTICAL PERIODICITY! CPH1-CPH1-CT2-CT1 REPLACING OLD VALUES BY:   k=0.77  n=3  delta=3.14159

Warning: DUPLICATE DIHEDRAL ENTRY FOR CT1-CT2-CPH1-NR1
PREVIOUS VALUES MULTIPLICITY: 1
  k=0.19  n=3  delta=0INCREASING MULTIPLICITY TO: 2
  k=1.49  n=1  delta=0
Warning: IDENTICAL PERIODICITY! CT1-CT2-CPH1-NR1 REPLACING OLD VALUES BY:   k=0.79  n=3  delta=3.14159

Warning: DUPLICATE DIHEDRAL ENTRY FOR CT1-CT2-CPH1-NR2
PREVIOUS VALUES MULTIPLICITY: 1
  k=0.19  n=3  delta=0INCREASING MULTIPLICITY TO: 2
  k=1.09  n=1  delta=0
Warning: IDENTICAL PERIODICITY! CT1-CT2-CPH1-NR2 REPLACING OLD VALUES BY:   k=0.67  n=3  delta=3.14159

Warning: DUPLICATE DIHEDRAL ENTRY FOR CA-CA-CT2-CT1
PREVIOUS VALUES MULTIPLICITY: 1
  k=0.23  n=2  delta=3.14159INCREASING MULTIPLICITY TO: 2
  k=1.07  n=1  delta=0
Warning: IDENTICAL PERIODICITY! CA-CA-CT2-CT1 REPLACING OLD VALUES BY:   k=0.24  n=2  delta=3.14159

Warning: DUPLICATE DIHEDRAL ENTRY FOR C-CT1-CT2-CA
PREVIOUS VALUES MULTIPLICITY: 1
  k=0.04  n=3  delta=0INCREASING MULTIPLICITY TO: 2
  k=1.28  n=1  delta=3.14159
Warning: IDENTICAL PERIODICITY! C-CT1-CT2-CA REPLACING OLD VALUES BY:   k=1.57  n=3  delta=3.14159

Warning: DUPLICATE DIHEDRAL ENTRY FOR CT1-CT2-OH1-H
PREVIOUS VALUES MULTIPLICITY: 1
  k=1.3  n=1  delta=0Warning: IDENTICAL PERIODICITY! CT1-CT2-OH1-H REPLACING OLD VALUES BY:   k=0.02  n=1  delta=0
Warning: IDENTICAL PERIODICITY! CT1-CT2-OH1-H REPLACING OLD VALUES BY:   k=0.56  n=2  delta=0
Warning: IDENTICAL PERIODICITY! CT1-CT2-OH1-H REPLACING OLD VALUES BY:   k=0.49  n=3  delta=0

Warning: DUPLICATE DIHEDRAL ENTRY FOR CT1-CT1-OH1-H
PREVIOUS VALUES MULTIPLICITY: 1
  k=1.33  n=1  delta=0Warning: IDENTICAL PERIODICITY! CT1-CT1-OH1-H REPLACING OLD VALUES BY:   k=0.18  n=1  delta=0
Warning: IDENTICAL PERIODICITY! CT1-CT1-OH1-H REPLACING OLD VALUES BY:   k=0.06  n=2  delta=0
Warning: IDENTICAL PERIODICITY! CT1-CT1-OH1-H REPLACING OLD VALUES BY:   k=0.25  n=3  delta=0

Warning: DUPLICATE DIHEDRAL ENTRY FOR CA-CY-CT2-CT1
PREVIOUS VALUES MULTIPLICITY: 1
  k=0.23  n=2  delta=3.14159INCREASING MULTIPLICITY TO: 2
  k=0.03  n=1  delta=0
Warning: IDENTICAL PERIODICITY! CA-CY-CT2-CT1 REPLACING OLD VALUES BY:   k=0.55  n=2  delta=0

Warning: DUPLICATE DIHEDRAL ENTRY FOR CPT-CY-CT2-CT1
PREVIOUS VALUES MULTIPLICITY: 1
  k=0.23  n=2  delta=3.14159INCREASING MULTIPLICITY TO: 2
  k=0.36  n=1  delta=3.14159
Warning: IDENTICAL PERIODICITY! CPT-CY-CT2-CT1 REPLACING OLD VALUES BY:   k=0.05  n=2  delta=0

Warning: DUPLICATE IMPROPER DIHEDRAL ENTRY FOR C-X-X-NC2
PREVIOUS VALUES MULTIPLICITY 1
  k=40  n=0  delta=0
USING VALUES MULTIPLICITY 1
  k=45  n=0  delta=0
Warning: DUPLICATE CMAP ENTRY FOR C-CT1-NH1-C NH1-C-CT1-NH1, USING NEW VALUES

Warning: DUPLICATE CMAP ENTRY FOR C-CT1-NH1-C N-C-CT1-NH1, USING NEW VALUES

Warning: DUPLICATE CMAP ENTRY FOR C-CP1-N-C N-CP1-C-NH1, USING NEW VALUES

Warning: DUPLICATE CMAP ENTRY FOR C-CP1-N-C N-C-CP1-N, USING NEW VALUES

Warning: DUPLICATE CMAP ENTRY FOR C-CT2-NH1-C NH1-C-CT2-NH1, USING NEW VALUES

Warning: DUPLICATE CMAP ENTRY FOR C-CT2-NH1-C N-C-CT2-NH1, USING NEW VALUES
Warning: DUPLICATE vdW ENTRY FOR CPT
PREVIOUS VALUES  sigma=3.20724 epsilon=0.09 sigma14=3.38542 epsilon14=0.09
   USING VALUES  sigma=3.31414 epsilon=0.099 sigma14=3.31414 epsilon14=0.099
Warning: DUPLICATE vdW ENTRY FOR CY
PREVIOUS VALUES  sigma=3.55005 epsilon=0.07 sigma14=3.55005 epsilon14=0.07
   USING VALUES  sigma=3.54578 epsilon=0.073 sigma14=3.54578 epsilon14=0.073
Warning: DUPLICATE vdW ENTRY FOR CT1
PREVIOUS VALUES  sigma=4.05359 epsilon=0.02 sigma14=3.38542 epsilon14=0.01
   USING VALUES  sigma=3.56359 epsilon=0.032 sigma14=3.38542 epsilon14=0.01
Warning: DUPLICATE vdW ENTRY FOR CT2
PREVIOUS VALUES  sigma=3.87541 epsilon=0.055 sigma14=3.38542 epsilon14=0.01
   USING VALUES  sigma=3.58141 epsilon=0.056 sigma14=3.38542 epsilon14=0.01
Warning: DUPLICATE vdW ENTRY FOR CT3
PREVIOUS VALUES  sigma=3.6705 epsilon=0.08 sigma14=3.38542 epsilon14=0.01
   USING VALUES  sigma=3.63487 epsilon=0.078 sigma14=3.38542 epsilon14=0.01
Warning: DUPLICATE vdW ENTRY FOR HA1
PREVIOUS VALUES  sigma=2.35197 epsilon=0.022 sigma14=2.35197 epsilon14=0.022
   USING VALUES  sigma=2.38761 epsilon=0.045 sigma14=2.38761 epsilon14=0.045
Warning: DUPLICATE vdW ENTRY FOR HA2
PREVIOUS VALUES  sigma=2.38761 epsilon=0.028 sigma14=2.38761 epsilon14=0.028
   USING VALUES  sigma=2.38761 epsilon=0.034 sigma14=2.38761 epsilon14=0.034
Info: SUMMARY OF PARAMETERS:
Info: 312 BONDS
Info: 811 ANGLES
Info: 1272 DIHEDRAL
Info: 81 IMPROPER
Info: 12 CROSSTERM
Info: 172 VDW
Info: 1 VDW_PAIRS
Info: 0 NBTHOLE_PAIRS
Info: TIME FOR READING PSF FILE: 0.00869664
Info: Reading pdb file ../common/ionized.pdb
Info: TIME FOR READING PDB FILE: 0.00447696
Info: 
Info: ****************************
Info: STRUCTURE SUMMARY:
Info: 7384 ATOMS
Info: 5305 BONDS
Info: 4154 ANGLES
Info: 3043 DIHEDRALS
Info: 204 IMPROPERS
Info: 65 CROSSTERMS
Info: 0 EXCLUSIONS
Info: 6826 RIGID BONDS
Info: 15326 DEGREES OF FREEDOM
Info: 2642 HYDROGEN GROUPS
Info: 4 ATOMS IN LARGEST HYDROGEN GROUP
Info: 2642 MIGRATION GROUPS
Info: 4 ATOMS IN LARGEST MIGRATION GROUP
Info: TOTAL MASS = 45667 amu
Info: TOTAL CHARGE = 7.95349e-07 e
Info: *****************************
Info: 
Info: Entering startup at 0.0295908 s, 0.174797 MB of memory in use
Info: Startup phase 0 took 2.7566e-05 s, 0.174797 MB of memory in use
Info: ADDED 12452 IMPLICIT EXCLUSIONS
Info: Startup phase 1 took 0.00307675 s, 0.174797 MB of memory in use
Info: NONBONDED TABLE R-SQUARED SPACING: 0.0625
Info: NONBONDED TABLE SIZE: 769 POINTS
Info: INCONSISTENCY IN FAST TABLE ENERGY VS FORCE: 0.000325096 AT 11.9556
Info: INCONSISTENCY IN SCOR TABLE ENERGY VS FORCE: 3.42196e-09 AT 0.0732877
Info: INCONSISTENCY IN VDWA TABLE ENERGY VS FORCE: 0.0040507 AT 0.251946
Info: INCONSISTENCY IN VDWB TABLE ENERGY VS FORCE: 0.00150189 AT 0.251946
Info: Startup phase 2 took 0.000416113 s, 0.174797 MB of memory in use
Info: Startup phase 3 took 1.3575e-05 s, 0.174797 MB of memory in use
Info: Startup phase 4 took 1.0006e-05 s, 0.174797 MB of memory in use
Info: Startup phase 5 took 7.186e-06 s, 0.174797 MB of memory in use
Info: PATCH GRID IS 4 BY 4 BY 4
Info: PATCH GRID IS 1-AWAY BY 1-AWAY BY 1-AWAY
Info: REMOVING COM VELOCITY 0.0766244 -0.100904 -0.0777864
Info: LARGEST PATCH (25) HAS 421 ATOMS
Info: TORUS A SIZE 1 USING 0
Info: TORUS B SIZE 1 USING 0
Info: TORUS C SIZE 1 USING 0
Info: TORUS MINIMAL MESH SIZE IS 1 BY 1 BY 1
Info: Placed 100% of base nodes on same physical node as patch
Info: Startup phase 6 took 0.00101728 s, 0.174797 MB of memory in use
Info: MSM extending minimum X to -5 A
Info: MSM extending maximum Y to 60 A
Info: MSM extending maximum Z to 46 A
Info: MSM using C1 cubic interpolation
Info: MSM using C2 Taylor splitting function
Info: MSM block size decomposition along X is 8 grid points
Info: MSM block size decomposition along Y is 8 grid points
Info: MSM block size decomposition along Z is 8 grid points
Info: MSM grid spacing is 2.5 A
Info: MSM non-periodic padding is 2.5 A
Info: MSM using 4 levels
Info:     level 0:  [-1..41] x [-1..39] x [-1..33]
Info:     level 1:  [-2..22] x [-2..21] x [-2..18]
Info:     level 2:  [-2..12] x [-2..12] x [-2..10]
Info:     level 3:  [-2..7] x [-2..7] x [-2..6]
Info: MSM finished calculating stencils
Info: MSM finished creating map for grid levels
Info: MSM finished creating map for patches
Info: MSM has 64 interpolation / anterpolation objects (one per patch)
Info: Startup phase 7 took 0.00153098 s, 0.174797 MB of memory in use
Info: Startup phase 8 took 1.2106e-05 s, 0.174797 MB of memory in use
Info: Startup phase 9 took 8.814e-06 s, 0.174797 MB of memory in use
Info: Startup phase 10 took 7.135e-06 s, 0.174797 MB of memory in use
Using MsmBlockMap for level 0
Using MsmBlockMap for level 1
Using MsmBlockMap for level 2
Using MsmBlockMap for level 3
Using MsmGridCutoffMap
Info: MSM grid level 0 decomposed into 180 blocks ( 6 x 6 x 5 )
Info: MSM grid level 1 decomposed into 36 blocks ( 4 x 3 x 3 )
Info: MSM grid level 2 decomposed into 8 blocks ( 2 x 2 x 2 )
Info: MSM grid level 3 decomposed into 8 blocks ( 2 x 2 x 2 )
Info: MSM grid cutoff calculation decomposed into 9286 work objects
Info: Startup phase 11 took 0.0220846 s, 0.174797 MB of memory in use
LDB: Central LB being created...
Info: Startup phase 12 took 9.0217e-05 s, 0.174797 MB of memory in use
Info: Startup phase 13 took 1.1704e-05 s, 0.174797 MB of memory in use
Info: Startup phase 14 took 8.018e-06 s, 0.174797 MB of memory in use
Info: Startup phase 15 took 7.64e-06 s, 0.174797 MB of memory in use
Info: CREATING 922 COMPUTE OBJECTS
Info: Startup phase 16 took 0.000986491 s, 0.174797 MB of memory in use
Info: Startup phase 17 took 2.5345e-05 s, 0.174797 MB of memory in use
Info: Startup phase 18 took 9.6511e-05 s, 0.174797 MB of memory in use
Info: Finished startup at 0.0590288 s, 0.174797 MB of memory in use

TCL: Minimizing for 100 steps
ETITLE:      TS           BOND          ANGLE          DIHED          IMPRP               ELECT            VDW       BOUNDARY           MISC        KINETIC               TOTAL           TEMP      POTENTIAL         TOTAL3        TEMPAVG

ENERGY:       0       177.6338       160.8639       811.8986         0.2569         -19062.4291      1963.4558         0.0000         0.0000         0.0000         -15948.3201         0.0000    -15948.3201    -15948.3201         0.0000

MINIMIZER STARTING CONJUGATE GRADIENT ALGORITHM
LINE MINIMIZER REDUCING GRADIENT FROM 3.79292e+06 TO 3792.92
ENERGY:       1        84.8452       135.1039       808.3245         0.5859         -19150.8866      1901.5139         0.0000         0.0000         0.0000         -16220.5134         0.0000    -16220.5134    -16220.5134         0.0000

ENERGY:       2        58.8635       134.9392       805.7164         1.7266         -19237.4221      1848.6744         0.0000         0.0000         0.0000         -16387.5020         0.0000    -16387.5020    -16387.5020         0.0000

ENERGY:       3       106.5368       156.0312       803.4004         3.6722         -19321.9716      1804.8843         0.0000         0.0000         0.0000         -16447.4466         0.0000    -16447.4466    -16447.4466         0.0000

ENERGY:       4       232.4531       196.0103       801.3948         6.4170         -19404.4754      1771.0209         0.0000         0.0000         0.0000         -16397.1793         0.0000    -16397.1793    -16397.1793         0.0000

LINE MINIMIZER BRACKET: DX 0.0002854 0.0002854 DU -59.9446 50.2673 DUDX -399196 -18713.4 374388 
ENERGY:       5       115.5461       159.2046       803.1855         3.9107         -19330.2597      1801.0309         0.0000         0.0000         0.0000         -16447.3818         0.0000    -16447.3818    -16447.3818         0.0000

LINE MINIMIZER BRACKET: DX 0.0002854 2.854e-05 DU -59.9446 0.0648309 DUDX -399196 -18713.4 19957.6 
MINIMIZER RESTARTING CONJUGATE GRADIENT ALGORITHM
LINE MINIMIZER REDUCING GRADIENT FROM 866833 TO 866.833
ENERGY:       6        47.1805       135.5153       803.2425         4.6323         -19404.9636      1765.7448         0.0000         0.0000         0.0000         -16648.6481         0.0000    -16648.6481    -16648.6481         0.0000

ENERGY:       7        59.0326       128.2971       803.4340         5.6254         -19478.1007      1735.0427         0.0000         0.0000         0.0000         -16746.6689         0.0000    -16746.6689    -16746.6689         0.0000

ENERGY:       8       145.3737       140.9838       803.7387         6.8975         -19549.6655      1707.9380         0.0000         0.0000         0.0000         -16744.7338         0.0000    -16744.7338    -16744.7338         0.0000

LINE MINIMIZER BRACKET: DX 0.000293037 0.000293037 DU -98.0208 1.93507 DUDX -508693 -162165 173611 
ENERGY:       9        91.6401       131.6319       803.5661         6.2012         -19512.6689      1721.6178         0.0000         0.0000         0.0000         -16758.0117         0.0000    -16758.0117    -16758.0117         0.0000

LDB: ============= START OF LOAD BALANCING ============== 1.3275
LDB: ============== END OF LOAD BALANCING =============== 1.32752
LDB: =============== DONE WITH MIGRATION ================ 1.32765
LINE MINIMIZER BRACKET: DX 0.000140786 0.000152251 DU -11.3428 13.2779 DUDX -162165 446.061 173611 
MINIMIZER RESTARTING CONJUGATE GRADIENT ALGORITHM
LINE MINIMIZER REDUCING GRADIENT FROM 621741 TO 621.741
ETITLE:      TS           BOND          ANGLE          DIHED          IMPRP               ELECT            VDW       BOUNDARY           MISC        KINETIC               TOTAL           TEMP      POTENTIAL         TOTAL3        TEMPAVG

ENERGY:      10        54.8269       135.5606       801.0925         6.7036         -19641.7925      1675.8918         0.0000         0.0000         0.0000         -16967.7172         0.0000    -16967.7172    -16967.7172         0.0000

ENERGY:      11       182.8855       170.8353       798.8606         7.4745         -19766.9893      1635.6777         0.0000         0.0000         0.0000         -16971.2557         0.0000    -16971.2557    -16971.2557         0.0000

ENERGY:      12       482.1384       233.8291       796.8205         8.5102         -19888.1788      1601.0321         0.0000         0.0000         0.0000         -16765.8486         0.0000    -16765.8486    -16765.8486         0.0000

LINE MINIMIZER BRACKET: DX 0.000501475 0.000501475 DU -3.5385 205.407 DUDX -213579 200528 620127 
ENERGY:      13        99.9994       150.1484       799.9225         7.0688         -19706.8596      1654.4194         0.0000         0.0000         0.0000         -16995.3011         0.0000    -16995.3011    -16995.3011         0.0000

LINE MINIMIZER BRACKET: DX 0.000259261 0.000242215 DU -27.5839 24.0454 DUDX -213579 -232.804 200528 
LINE MINIMIZER REDUCING GRADIENT FROM 625484 TO 625.484
ENERGY:      14        79.7986       171.6584       796.6531        11.0706         -20101.7410      1535.0768         0.0000         0.0000         0.0000         -17507.4835         0.0000    -17507.4835    -17507.4835         0.0000

ENERGY:      15       140.5440       214.9596       794.6205        16.2827         -20442.5317      1445.5964         0.0000         0.0000         0.0000         -17830.5286         0.0000    -17830.5286    -17830.5286         0.0000

ENERGY:      16       285.6947       279.2515       793.7996        22.7138         -20728.5143      1381.8666         0.0000         0.0000         0.0000         -17965.1881         0.0000    -17965.1881    -17965.1881         0.0000

ENERGY:      17       518.0824       364.0592       794.1896        30.3842         -20960.7757      1341.3512         0.0000         0.0000         0.0000         -17912.7091         0.0000    -17912.7091    -17912.7091         0.0000

LINE MINIMIZER BRACKET: DX 0.000970043 0.000970043 DU -134.66 52.479 DUDX -236283 -43402 147123 
ENERGY:      18       329.7806       296.3507       793.7787        24.3102         -20783.1892      1370.8708         0.0000         0.0000         0.0000         -17968.0983         0.0000    -17968.0983    -17968.0983         0.0000

LINE MINIMIZER BRACKET: DX 0.000215903 0.00075414 DU -2.91023 55.3892 DUDX -43402 -1570.97 147123 
ENERGY:      19       346.2036       302.5670       793.7867        24.8833         -20802.3471      1367.3077         0.0000         0.0000         0.0000         -17967.5989         0.0000    -17967.5989    -17967.5989         0.0000

LINE MINIMIZER BRACKET: DX 0.000215903 7.5414e-05 DU -2.91023 0.499472 DUDX -43402 -1570.97 13337.2 
ETITLE:      TS           BOND          ANGLE          DIHED          IMPRP               ELECT            VDW       BOUNDARY           MISC        KINETIC               TOTAL           TEMP      POTENTIAL         TOTAL3        TEMPAVG

ENERGY:      20       331.3990       296.9666       793.7791        24.3671         -20785.1083      1370.5080         0.0000         0.0000         0.0000         -17968.0884         0.0000    -17968.0884    -17968.0884         0.0000

LINE MINIMIZER BRACKET: DX 0.000215903 7.5414e-06 DU -2.91023 0.00996485 DUDX -43402 -1570.97 -85.0145 
ENERGY:      21       329.7806       296.3506       793.7787        24.3102         -20783.1775      1370.8705         0.0000         0.0000         0.0000         -17968.0870         0.0000    -17968.0870    -17968.0870         0.0000

LINE MINIMIZER REDUCING GRADIENT FROM 2.24004e+06 TO 2240.04
ENERGY:      22       166.2052       261.9550       793.8559        23.1702         -20861.9592      1351.4891         0.0000         0.0000         0.0000         -18265.2838         0.0000    -18265.2838    -18265.2838         0.0000

ENERGY:      23        73.2872       237.4573       794.0561        22.2658         -20936.9151      1335.2315         0.0000         0.0000         0.0000         -18474.6172         0.0000    -18474.6172    -18474.6172         0.0000

ENERGY:      24        47.7647       224.2573       794.3769        21.5672         -21008.0401      1321.5989         0.0000         0.0000         0.0000         -18598.4751         0.0000    -18598.4751    -18598.4751         0.0000

ENERGY:      25        85.3907       224.5098       794.8169        21.0512         -21075.3361      1310.2481         0.0000         0.0000         0.0000         -18639.3194         0.0000    -18639.3194    -18639.3194         0.0000

ENERGY:      26       180.7043       241.4124       795.3747        20.6997         -21138.8099      1300.9408         0.0000         0.0000         0.0000         -18599.6781         0.0000    -18599.6781    -18599.6781         0.0000

LINE MINIMIZER BRACKET: DX 0.000152638 0.000152638 DU -40.8442 39.6413 DUDX -537019 -1377.2 517586 
ENERGY:      27        92.4277       225.3870       794.8673        21.0089         -21081.8217      1309.2274         0.0000         0.0000         0.0000         -18638.9034         0.0000    -18638.9034    -18638.9034         0.0000

LINE MINIMIZER BRACKET: DX 0.000152638 1.52638e-05 DU -40.8442 0.415941 DUDX -537019 -1377.2 51238.1 
ENERGY:      28        86.0684       224.5896       794.8218        21.0469         -21075.9539      1310.1439         0.0000         0.0000         0.0000         -18639.2833         0.0000    -18639.2833    -18639.2833         0.0000

LINE MINIMIZER BRACKET: DX 0.000152638 1.52638e-06 DU -40.8442 0.0360582 DUDX -537019 -1377.2 3859.86 
ENERGY:      29        85.4581       224.5173       794.8173        21.0508         -21075.3655      1310.2365         0.0000         0.0000         0.0000         -18639.2856         0.0000    -18639.2856    -18639.2856         0.0000

LINE MINIMIZER BRACKET: DX 0.000152638 1.52638e-07 DU -40.8442 0.0337783 DUDX -537019 -1377.2 -885.389 
ETITLE:      TS           BOND          ANGLE          DIHED          IMPRP               ELECT            VDW       BOUNDARY           MISC        KINETIC               TOTAL           TEMP      POTENTIAL         TOTAL3        TEMPAVG

ENERGY:      30        85.3906       224.5093       794.8168        21.0512         -21075.3004      1310.2468         0.0000         0.0000         0.0000         -18639.2857         0.0000    -18639.2857    -18639.2857         0.0000

LINE MINIMIZER REDUCING GRADIENT FROM 279004 TO 279.004
ENERGY:      31       139.1646       206.0254       791.2121        14.4402         -21222.9678      1292.6602         0.0000         0.0000         0.0000         -18779.4653         0.0000    -18779.4653    -18779.4653         0.0000

ENERGY:      32       604.3792       257.6531       789.4914        10.0419         -21358.9332      1282.7877         0.0000         0.0000         0.0000         -18414.5799         0.0000    -18414.5799    -18414.5799         0.0000

LINE MINIMIZER BRACKET: DX 0.00140793 0.00140793 DU -140.18 364.885 DUDX -279004 79654.7 437447 
ENERGY:      33        91.4031       204.3027       791.8467        15.7243         -21190.8570      1295.8975         0.0000         0.0000         0.0000         -18791.6827         0.0000    -18791.6827    -18791.6827         0.0000

LINE MINIMIZER BRACKET: DX 0.00109505 0.000312882 DU -152.397 12.2174 DUDX -279004 -43.5465 79654.7 
LINE MINIMIZER REDUCING GRADIENT FROM 408803 TO 408.803
ENERGY:      34        62.6836       191.3841       786.4717         7.6848         -21416.8936      1266.0528         0.0000         0.0000         0.0000         -19102.6167         0.0000    -19102.6167    -19102.6167         0.0000

ENERGY:      35       165.9880       216.2130       783.8050         5.7557         -21618.7873      1248.5458         0.0000         0.0000         0.0000         -19198.4798         0.0000    -19198.4798    -19198.4798         0.0000

ENERGY:      36       404.9773       276.8723       784.3508         9.2025         -21795.6432      1242.8377         0.0000         0.0000         0.0000         -19077.4026         0.0000    -19077.4026    -19077.4026         0.0000

LINE MINIMIZER BRACKET: DX 0.00102221 0.00102221 DU -95.8631 121.077 DUDX -199514 11450.8 223413 
ENERGY:      37       149.5971       212.0814       783.9588         5.6961         -21598.7311      1249.7512         0.0000         0.0000         0.0000         -19197.6464         0.0000    -19197.6464    -19197.6464         0.0000

LINE MINIMIZER BRACKET: DX 0.000102221 0.00102221 DU -0.833357 121.077 DUDX -9930.85 11450.8 223413 
ENERGY:      38       161.0569       214.9614       783.8498         5.7332         -21612.2953      1248.8802         0.0000         0.0000         0.0000         -19197.8139         0.0000    -19197.8139    -19197.8139         0.0000

LINE MINIMIZER BRACKET: DX 2.98548e-05 0.00102221 DU -0.665939 121.077 DUDX 5031.47 11450.8 223413 
ENERGY:      39       165.9828       216.2019       783.8082         5.7563         -21617.8555      1248.5381         0.0000         0.0000         0.0000         -19197.5682         0.0000    -19197.5682    -19197.5682         0.0000

LINE MINIMIZER REDUCING GRADIENT FROM 757931 TO 757.931
ETITLE:      TS           BOND          ANGLE          DIHED          IMPRP               ELECT            VDW       BOUNDARY           MISC        KINETIC               TOTAL           TEMP      POTENTIAL         TOTAL3        TEMPAVG

ENERGY:      40        89.4209       195.0321       782.5469         5.8154         -21721.8720      1237.9055         0.0000         0.0000         0.0000         -19411.1512         0.0000    -19411.1512    -19411.1512         0.0000

ENERGY:      41        71.5446       187.0787       782.4251         6.3388         -21818.5474      1230.8503         0.0000         0.0000         0.0000         -19540.3099         0.0000    -19540.3099    -19540.3099         0.0000

ENERGY:      42       107.9621       194.7328       782.1173         7.3650         -21907.7191      1227.2746         0.0000         0.0000         0.0000         -19588.2673         0.0000    -19588.2673    -19588.2673         0.0000

ENERGY:      43       193.2775       221.2817       782.3209         8.9421         -21989.2661      1227.1407         0.0000         0.0000         0.0000         -19556.3031         0.0000    -19556.3031    -19556.3031         0.0000

LINE MINIMIZER BRACKET: DX 0.000337806 0.000337806 DU -47.9574 31.9642 DUDX -262491 -23139 210256 
ENERGY:      44       114.3901       196.4738       782.1148         7.4969         -21916.0971      1227.1055         0.0000         0.0000         0.0000         -19588.5159         0.0000    -19588.5159    -19588.5159         0.0000

LINE MINIMIZER BRACKET: DX 3.37806e-05 0.000304025 DU -0.248637 32.2128 DUDX -23139 399.531 210256 
LINE MINIMIZER REDUCING GRADIENT FROM 410439 TO 410.439
ENERGY:      45        82.9063       183.7882       774.4869         7.9325         -22110.3353      1194.3669         0.0000         0.0000         0.0000         -19866.8545         0.0000    -19866.8545    -19866.8545         0.0000

ENERGY:      46       262.3765       234.6113       771.3145        15.7409         -22277.4762      1174.3700         0.0000         0.0000         0.0000         -19819.0629         0.0000    -19819.0629    -19819.0629         0.0000

LINE MINIMIZER BRACKET: DX 0.00107623 0.00107623 DU -278.339 47.7916 DUDX -410439 -106144 193646 
ENERGY:      47       122.2371       194.6038       772.9206         9.8580         -22172.1793      1185.8918         0.0000         0.0000         0.0000         -19886.6679         0.0000    -19886.6679    -19886.6679         0.0000

LINE MINIMIZER BRACKET: DX 0.000379392 0.000696838 DU -19.8134 67.605 DUDX -106144 131.638 193646 
LINE MINIMIZER REDUCING GRADIENT FROM 540269 TO 540.269
ENERGY:      48        63.0358       199.1783       769.5292        18.4722         -22330.8786      1160.7909         0.0000         0.0000         0.0000         -20119.8721         0.0000    -20119.8721    -20119.8721         0.0000

ENERGY:      49       240.5548       255.6249       769.1555        34.5333         -22466.9443      1147.0751         0.0000         0.0000         0.0000         -20020.0008         0.0000    -20020.0008    -20020.0008         0.0000

LDB: ============= START OF LOAD BALANCING ============== 6.38228
LDB: ============== END OF LOAD BALANCING =============== 6.38229
LDB: =============== DONE WITH MIGRATION ================ 6.38243
LINE MINIMIZER BRACKET: DX 0.000734107 0.000734107 DU -233.204 99.8714 DUDX -540269 -92988.3 365412 
Info: Initial time: 1 CPUs 0.126496 s/step 0.732037 days/ns 0.174797 MB memory
ETITLE:      TS           BOND          ANGLE          DIHED          IMPRP               ELECT            VDW       BOUNDARY           MISC        KINETIC               TOTAL           TEMP      POTENTIAL         TOTAL3        TEMPAVG

ENERGY:      50        79.7298       206.3913       769.2301        21.1048         -22360.1449      1157.0927         0.0000         0.0000         0.0000         -20126.5962         0.0000    -20126.5962    -20126.5962         0.0000

LINE MINIMIZER BRACKET: DX 0.000149025 0.000585082 DU -6.72406 106.595 DUDX -92988.3 -802.153 365412 
ENERGY:      51        88.9640       209.8118       769.1441        22.2238         -22371.4751      1155.7689         0.0000         0.0000         0.0000         -20125.5626         0.0000    -20125.5626    -20125.5626         0.0000

LINE MINIMIZER BRACKET: DX 0.000149025 5.85082e-05 DU -6.72406 1.03361 DUDX -92988.3 -802.153 35543.3 
ENERGY:      52        80.5851       206.7184       769.2207        21.2145         -22361.2833      1156.9571         0.0000         0.0000         0.0000         -20126.5875         0.0000    -20126.5875    -20126.5875         0.0000

LINE MINIMIZER BRACKET: DX 0.000149025 5.85082e-06 DU -6.72406 0.00871835 DUDX -92988.3 -802.153 2828.66 
ENERGY:      53        79.8784       206.4483       769.2284        21.1239         -22360.3431      1157.0690         0.0000         0.0000         0.0000         -20126.5952         0.0000    -20126.5952    -20126.5952         0.0000

LINE MINIMIZER BRACKET: DX 0.000149025 1.02372e-06 DU -6.72406 0.00103488 DUDX -92988.3 -802.153 -167.543 
ENERGY:      54        79.7298       206.3913       769.2301        21.1048         -22360.1436      1157.0927         0.0000         0.0000         0.0000         -20126.5949         0.0000    -20126.5949    -20126.5949         0.0000

LINE MINIMIZER REDUCING GRADIENT FROM 281384 TO 281.384
ENERGY:      55        60.9231       201.9278       767.0484        18.1356         -22472.2605      1140.9618         0.0000         0.0000         0.0000         -20283.2639         0.0000    -20283.2639    -20283.2639         0.0000

ENERGY:      56       152.6647       221.1637       766.1434        16.9308         -22575.0957      1129.7815         0.0000         0.0000         0.0000         -20288.4115         0.0000    -20288.4115    -20288.4115         0.0000

ENERGY:      57       350.0739       266.5754       766.4072        17.4437         -22668.4165      1123.3737         0.0000         0.0000         0.0000         -20144.5426         0.0000    -20144.5426    -20144.5426         0.0000

LINE MINIMIZER BRACKET: DX 0.000828577 0.000828577 DU -5.14758 143.869 DUDX -97257.8 84098.5 262159 
ENERGY:      58        96.4542       209.1189       766.4124        17.2742         -22528.1382      1134.3844         0.0000         0.0000         0.0000         -20304.4941         0.0000    -20304.4941    -20304.4941         0.0000

LINE MINIMIZER BRACKET: DX 0.000442787 0.000385789 DU -21.2302 16.0826 DUDX -97257.8 -52.6745 84098.5 
LINE MINIMIZER REDUCING GRADIENT FROM 279726 TO 279.726
ENERGY:      59        69.9567       214.9466       760.8925        12.4877         -22683.5978      1115.1511         0.0000         0.0000         0.0000         -20510.1631         0.0000    -20510.1631    -20510.1631         0.0000

LDB: ============= START OF LOAD BALANCING ============== 7.64318
LDB: ============== END OF LOAD BALANCING =============== 7.6432
LDB: =============== DONE WITH MIGRATION ================ 7.6433
ETITLE:      TS           BOND          ANGLE          DIHED          IMPRP               ELECT            VDW       BOUNDARY           MISC        KINETIC               TOTAL           TEMP      POTENTIAL         TOTAL3        TEMPAVG

ENERGY:      60       164.2552       270.6711       758.6051        13.7367         -22820.3084      1106.8864         0.0000         0.0000         0.0000         -20506.1538         0.0000    -20506.1538    -20506.1538         0.0000

LINE MINIMIZER BRACKET: DX 0.00110741 0.00110741 DU -205.669 4.00931 DUDX -279726 -91585.3 97982.7 
ENERGY:      61       100.2190       235.5204       759.3492        12.3268         -22751.6442      1109.8042         0.0000         0.0000         0.0000         -20534.4246         0.0000    -20534.4246    -20534.4246         0.0000

LINE MINIMIZER BRACKET: DX 0.000532647 0.000574759 DU -24.2616 28.2709 DUDX -91585.3 -566.309 97982.7 
ENERGY:      62       105.1566       238.4306       759.2303        12.3934         -22758.7411      1109.3790         0.0000         0.0000         0.0000         -20534.1512         0.0000    -20534.1512    -20534.1512         0.0000

LINE MINIMIZER BRACKET: DX 0.000532647 5.74759e-05 DU -24.2616 0.273399 DUDX -91585.3 -566.309 9284.48 
ENERGY:      63       100.6981       235.8054       759.3368        12.3327         -22752.3556      1109.7603         0.0000         0.0000         0.0000         -20534.4223         0.0000    -20534.4223    -20534.4223         0.0000

LINE MINIMIZER BRACKET: DX 0.000532647 5.74759e-06 DU -24.2616 0.00236979 DUDX -91585.3 -566.309 418.21 
ENERGY:      64       100.3573       235.6027       759.3456        12.3285         -22751.8498      1109.7914         0.0000         0.0000         0.0000         -20534.4243         0.0000    -20534.4243    -20534.4243         0.0000

LINE MINIMIZER BRACKET: DX 0.000532647 1.66301e-06 DU -24.2616 0.000330516 DUDX -91585.3 -566.309 -281.621 
ENERGY:      65       100.2190       235.5204       759.3492        12.3268         -22751.6436      1109.8042         0.0000         0.0000         0.0000         -20534.4241         0.0000    -20534.4241    -20534.4241         0.0000

LINE MINIMIZER REDUCING GRADIENT FROM 339118 TO 339.118
ENERGY:      66        74.9928       233.8702       755.6474        11.1177         -22880.8726      1102.7384         0.0000         0.0000         0.0000         -20702.5061         0.0000    -20702.5061    -20702.5061         0.0000

ENERGY:      67       211.3574       263.0300       754.3412        12.7880         -22992.8573      1104.6632         0.0000         0.0000         0.0000         -20646.6775         0.0000    -20646.6775    -20646.6775         0.0000

LINE MINIMIZER BRACKET: DX 0.000822909 0.000822909 DU -168.082 55.8285 DUDX -339118 -69162.8 202893 
ENERGY:      68        94.0111       238.3995       754.9880        11.3016         -22910.6779      1102.3693         0.0000         0.0000         0.0000         -20709.6084         0.0000    -20709.6084    -20709.6084         0.0000

LINE MINIMIZER BRACKET: DX 0.000207709 0.0006152 DU -7.10235 62.9309 DUDX -69162.8 -707.524 202893 
ENERGY:      69       101.6300       240.1143       754.8142        11.3889         -22919.3343      1102.3706         0.0000         0.0000         0.0000         -20709.0163         0.0000    -20709.0163    -20709.0163         0.0000

LINE MINIMIZER BRACKET: DX 0.000207709 6.152e-05 DU -7.10235 0.592149 DUDX -69162.8 -707.524 19611.5 
ETITLE:      TS           BOND          ANGLE          DIHED          IMPRP               ELECT            VDW       BOUNDARY           MISC        KINETIC               TOTAL           TEMP      POTENTIAL         TOTAL3        TEMPAVG

ENERGY:      70        94.7321       238.5633       754.9702        11.3097         -22911.5472      1102.3671         0.0000         0.0000         0.0000         -20709.6048         0.0000    -20709.6048    -20709.6048         0.0000

LINE MINIMIZER BRACKET: DX 0.000207709 6.152e-06 DU -7.10235 0.00362508 DUDX -69162.8 -707.524 1323.51 
ENERGY:      71        94.2069       238.4439       754.9832        11.3038         -22910.9146      1102.3686         0.0000         0.0000         0.0000         -20709.6081         0.0000    -20709.6081    -20709.6081         0.0000

LINE MINIMIZER BRACKET: DX 0.000207709 1.67827e-06 DU -7.10235 0.000290935 DUDX -69162.8 -707.524 -153.819 
ENERGY:      72        94.0111       238.3994       754.9880        11.3016         -22910.6771      1102.3693         0.0000         0.0000         0.0000         -20709.6077         0.0000    -20709.6077    -20709.6077         0.0000

LINE MINIMIZER REDUCING GRADIENT FROM 285369 TO 285.369
ENERGY:      73        78.0203       216.3525       751.1374        10.0805         -23011.6026      1095.6896         0.0000         0.0000         0.0000         -20860.3224         0.0000    -20860.3224    -20860.3224         0.0000

ENERGY:      74       141.2048       219.4126       748.5832        11.0230         -23101.3371      1095.0383         0.0000         0.0000         0.0000         -20886.0751         0.0000    -20886.0751    -20886.0751         0.0000

ENERGY:      75       280.1695       249.5657       747.2293        14.3660         -23179.5697      1100.5054         0.0000         0.0000         0.0000         -20787.7339         0.0000    -20787.7339    -20787.7339         0.0000

LINE MINIMIZER BRACKET: DX 0.000748166 0.000748166 DU -25.7527 98.3412 DUDX -117815 48618.5 214154 
ENERGY:      76       114.7109       215.7944       749.2072        10.5111         -23076.0947      1094.5979         0.0000         0.0000         0.0000         -20891.2732         0.0000    -20891.2732    -20891.2732         0.0000

LINE MINIMIZER BRACKET: DX 0.000529146 0.00021902 DU -30.9509 5.19818 DUDX -117815 -99.9873 48618.5 
LINE MINIMIZER REDUCING GRADIENT FROM 282536 TO 282.536
ENERGY:      77        78.1110       215.5895       744.7104        12.1940         -23182.5343      1093.4335         0.0000         0.0000         0.0000         -21038.4958         0.0000    -21038.4958    -21038.4958         0.0000

ENERGY:      78       133.0945       247.8725       742.3629        16.6563         -23275.7795      1099.6896         0.0000         0.0000         0.0000         -21036.1037         0.0000    -21036.1037    -21036.1037         0.0000

LINE MINIMIZER BRACKET: DX 0.000785504 0.000785504 DU -147.223 2.39207 DUDX -282536 -92243.4 98011.6 
ENERGY:      79        93.4208       227.0349       743.3011        14.0078         -23229.3112      1095.5182         0.0000         0.0000         0.0000         -21056.0284         0.0000    -21056.0284    -21056.0284         0.0000

LINE MINIMIZER BRACKET: DX 0.0003802 0.000405304 DU -17.5326 19.9246 DUDX -92243.4 -79.2659 98011.6 
LINE MINIMIZER REDUCING GRADIENT FROM 199629 TO 199.629
ETITLE:      TS           BOND          ANGLE          DIHED          IMPRP               ELECT            VDW       BOUNDARY           MISC        KINETIC               TOTAL           TEMP      POTENTIAL         TOTAL3        TEMPAVG

ENERGY:      80        83.9524       226.8149       737.9428        13.4206         -23351.0850      1098.3148         0.0000         0.0000         0.0000         -21190.6395         0.0000    -21190.6395    -21190.6395         0.0000

ENERGY:      81       207.1163       266.5640       736.8958        16.3072         -23457.7481      1111.2457         0.0000         0.0000         0.0000         -21119.6192         0.0000    -21119.6192    -21119.6192         0.0000

LINE MINIMIZER BRACKET: DX 0.00118132 0.00118132 DU -134.611 71.0204 DUDX -199629 -27751.7 146523 
ENERGY:      82        94.4394       230.4903       737.4532        13.6401         -23368.8877      1099.6742         0.0000         0.0000         0.0000         -21193.1905         0.0000    -21193.1905    -21193.1905         0.0000

LINE MINIMIZER BRACKET: DX 0.000186544 0.000994778 DU -2.55101 73.5714 DUDX -27751.7 -426.445 146523 
ENERGY:      83       101.3938       232.8542       737.2260        13.7927         -23378.2633      1100.5029         0.0000         0.0000         0.0000         -21192.4938         0.0000    -21192.4938    -21192.4938         0.0000

LINE MINIMIZER BRACKET: DX 0.000186544 9.94778e-05 DU -2.55101 0.696714 DUDX -27751.7 -426.445 14204.4 
ENERGY:      84        95.0921       230.7141       737.4294        13.6543         -23369.8298      1099.7538         0.0000         0.0000         0.0000         -21193.1862         0.0000    -21193.1862    -21193.1862         0.0000

LINE MINIMIZER BRACKET: DX 0.000186544 9.94778e-06 DU -2.55101 0.00435863 DUDX -27751.7 -426.445 1035.57 
ENERGY:      85        94.5995       230.5452       737.4473        13.6436         -23369.1199      1099.6938         0.0000         0.0000         0.0000         -21193.1906         0.0000    -21193.1906    -21193.1906         0.0000

LINE MINIMIZER BRACKET: DX 2.45327e-06 7.49451e-06 DU -8.54938e-05 0.00444413 DUDX -426.445 -66.2241 1035.57 
LINE MINIMIZER REDUCING GRADIENT FROM 218077 TO 218.077
ENERGY:      86        82.4028       229.6846       733.5449        12.2965         -23487.5735      1112.9563         0.0000         0.0000         0.0000         -21316.6883         0.0000    -21316.6883    -21316.6883         0.0000

ENERGY:      87       187.4679       258.7528       731.9889        14.6926         -23593.0887      1135.2225         0.0000         0.0000         0.0000         -21264.9639         0.0000    -21264.9639    -21264.9639         0.0000

LINE MINIMIZER BRACKET: DX 0.000975474 0.000975474 DU -123.498 51.7244 DUDX -218077 -36922.2 142080 
ENERGY:      88        94.4849       233.2357       732.9699        12.4785         -23510.2514      1116.7775         0.0000         0.0000         0.0000         -21320.3049         0.0000    -21320.3049    -21320.3049         0.0000

LINE MINIMIZER BRACKET: DX 0.00020021 0.000775264 DU -3.61662 55.3411 DUDX -36922.2 35.2625 142080 
LINE MINIMIZER REDUCING GRADIENT FROM 207845 TO 207.845
ENERGY:      89        81.0191       234.4255       728.3187        12.1631         -23622.5038      1133.2906         0.0000         0.0000         0.0000         -21433.2867         0.0000    -21433.2867    -21433.2867         0.0000

ETITLE:      TS           BOND          ANGLE          DIHED          IMPRP               ELECT            VDW       BOUNDARY           MISC        KINETIC               TOTAL           TEMP      POTENTIAL         TOTAL3        TEMPAVG

ENERGY:      90       171.2730       266.0359       724.6103        14.6804         -23723.5391      1158.4578         0.0000         0.0000         0.0000         -21388.4818         0.0000    -21388.4818    -21388.4818         0.0000

LINE MINIMIZER BRACKET: DX 0.000923546 0.000923546 DU -112.982 44.805 DUDX -207845 -36808.7 135000 
ENERGY:      91        91.7692       238.5805       726.8412        12.4719         -23645.2153      1137.9683         0.0000         0.0000         0.0000         -21437.5842         0.0000    -21437.5842    -21437.5842         0.0000

LINE MINIMIZER BRACKET: DX 0.000199212 0.000724335 DU -4.29747 49.1024 DUDX -36808.7 115.689 135000 
LINE MINIMIZER REDUCING GRADIENT FROM 185320 TO 185.32
ENERGY:      92        65.9539       230.7770       722.4315        11.2363         -23751.2258      1161.7358         0.0000         0.0000         0.0000         -21559.0913         0.0000    -21559.0913    -21559.0913         0.0000

ENERGY:      93       102.5675       243.2049       719.9266        12.4813         -23847.2981      1193.3718         0.0000         0.0000         0.0000         -21575.7461         0.0000    -21575.7461    -21575.7461         0.0000

ENERGY:      94       202.6909       275.5235       719.2773        16.1627         -23933.0758      1233.3709         0.0000         0.0000         0.0000         -21486.0505         0.0000    -21486.0505    -21486.0505         0.0000

LINE MINIMIZER BRACKET: DX 0.000935284 0.000935284 DU -16.6547 89.6956 DUDX -74221.8 38830.4 153480 
ENERGY:      95        82.9111       236.6800       720.5683        11.7779         -23815.3953      1181.6077         0.0000         0.0000         0.0000         -21581.8503         0.0000    -21581.8503    -21581.8503         0.0000

LINE MINIMIZER BRACKET: DX 0.000614671 0.000320613 DU -22.759 6.1043 DUDX -74221.8 -168.776 38830.4 
LINE MINIMIZER REDUCING GRADIENT FROM 186791 TO 186.791
ENERGY:      96        81.2517       222.5992       717.6411        10.2712         -23921.2279      1207.5420         0.0000         0.0000         0.0000         -21681.9226         0.0000    -21681.9226    -21681.9226         0.0000

ENERGY:      97       155.5137       233.0242       716.1412        10.7358         -24017.5708      1240.9839         0.0000         0.0000         0.0000         -21661.1720         0.0000    -21661.1720    -21661.1720         0.0000

LINE MINIMIZER BRACKET: DX 0.000858815 0.000858815 DU -100.072 20.7506 DUDX -186791 -46093.6 94756.5 
ENERGY:      98        97.3490       223.2608       717.0001        10.1955         -23953.8709      1217.6566         0.0000         0.0000         0.0000         -21688.4088         0.0000    -21688.4088    -21688.4088         0.0000

LINE MINIMIZER BRACKET: DX 0.000281728 0.000577087 DU -6.4862 27.2368 DUDX -46093.6 82.284 94756.5 
LINE MINIMIZER REDUCING GRADIENT FROM 171624 TO 171.624
ENERGY:      99        87.5305       220.2285       714.2345         9.8109         -24062.4731      1245.7639         0.0000         0.0000         0.0000         -21784.9047         0.0000    -21784.9047    -21784.9047         0.0000

LDB: ============= START OF LOAD BALANCING ============== 12.7278
LDB: ============== END OF LOAD BALANCING =============== 12.7278
LDB: =============== DONE WITH MIGRATION ================ 12.7279
Info: Initial time: 1 CPUs 0.12665 s/step 0.732929 days/ns 0.174797 MB memory
ETITLE:      TS           BOND          ANGLE          DIHED          IMPRP               ELECT            VDW       BOUNDARY           MISC        KINETIC               TOTAL           TEMP      POTENTIAL         TOTAL3        TEMPAVG

ENERGY:     100        87.5305       220.2285       714.2345         9.8109         -24062.4731      1245.7639         0.0000         0.0000         0.0000         -21784.9048         0.0000    -21784.9048    -21784.9048         0.0000

REINITIALIZING VELOCITIES AT STEP 100 TO 310 KELVIN.
TCL: Running for 8000 steps
ENERGY:     100        87.5305       220.2285       714.2345         9.8109         -24062.4731      1245.7639         0.0000         0.0000      4684.3687         -17100.5361       307.6186    -21784.9048    -17107.7438       307.6186

LDB: ============= START OF LOAD BALANCING ============== 16.3951
LDB: ============== END OF LOAD BALANCING =============== 16.3951
LDB: =============== DONE WITH MIGRATION ================ 16.3954
Info: Initial time: 1 CPUs 0.074285 s/step 0.42989 days/ns 0.174797 MB memory
LDB: ============= START OF LOAD BALANCING ============== 20.2515
LDB: ============== END OF LOAD BALANCING =============== 20.2516
LDB: =============== DONE WITH MIGRATION ================ 20.2517
Info: Benchmark time: 1 CPUs 0.0771643 s/step 0.446553 days/ns 0.174797 MB memory
ENERGY:     200       177.4983       523.2498       705.5478        30.4939         -24639.4997      2054.0997         0.0000         0.0000      4187.5628         -16961.0474       274.9938    -21148.6102    -16954.1870       247.4608

Info: Benchmark time: 1 CPUs 0.0722439 s/step 0.418078 days/ns 0.174797 MB memory
OPENING COORDINATE DCD FILE
WRITING COORDINATES TO DCD FILE sdf_ws_eq.dcd AT STEP 250
The last position output (seq=250) takes 0.913 seconds, 0.175 MB of memory in use
Info: Benchmark time: 1 CPUs 0.0932725 s/step 0.539771 days/ns 0.174797 MB memory
ENERGY:     300       193.2813       545.0865       705.0383        26.5681         -24724.1555      2046.4671         0.0000         0.0000      4274.8595         -16932.8546       280.7265    -21207.7141    -16922.2509       277.5323

Info: Benchmark time: 1 CPUs 0.0821989 s/step 0.475688 days/ns 0.174797 MB memory
Info: Benchmark time: 1 CPUs 0.0792425 s/step 0.458579 days/ns 0.174797 MB memory
ENERGY:     400       195.9097       538.0771       720.9539        39.2435         -24775.7124      1974.6380         0.0000         0.0000      4365.5726         -16941.3176       286.6836    -21306.8901    -16930.4221       285.5926

Info: Benchmark time: 1 CPUs 0.083576 s/step 0.483657 days/ns 0.174797 MB memory
ENERGY:     500       200.7554       572.7819       702.7628        34.3362         -24869.4540      2017.2470         0.0000         0.0000      4357.8750         -16983.6957       286.1781    -21341.5708    -16972.3305       289.8303

WRITING EXTENDED SYSTEM TO RESTART FILE AT STEP 500
WRITING COORDINATES TO DCD FILE sdf_ws_eq.dcd AT STEP 500
WRITING COORDINATES TO RESTART FILE AT STEP 500
FINISHED WRITING RESTART COORDINATES
The last position output (seq=500) takes 0.000 seconds, 0.175 MB of memory in use
WRITING VELOCITIES TO RESTART FILE AT STEP 500
FINISHED WRITING RESTART VELOCITIES
The last velocity output (seq=500) takes 0.000 seconds, 0.175 MB of memory in use
ENERGY:     600       193.4373       594.0842       707.8446        39.8352         -24990.4733      1977.1304         0.0000         0.0000      4495.1283         -16983.0133       295.1914    -21478.1416    -16969.5870       291.2326

ENERGY:     700       204.6689       582.3449       704.0899        29.1409         -25025.3229      2022.3079         0.0000         0.0000      4542.7321         -16940.0383       298.3175    -21482.7704    -16926.0828       295.3138

WRITING COORDINATES TO DCD FILE sdf_ws_eq.dcd AT STEP 750
The last position output (seq=750) takes 0.000 seconds, 0.175 MB of memory in use
ENERGY:     800       204.9928       566.3993       704.8110        31.3944         -24858.7913      1839.0288         0.0000         0.0000      4569.9225         -16942.2424       300.1030    -21512.1649    -16924.6997       296.2669

ENERGY:     900       207.0134       585.2850       712.2372        34.6598         -25082.0493      2053.5721         0.0000         0.0000      4578.3557         -16910.9261       300.6568    -21489.2818    -16896.1135       298.7784

ETITLE:      TS           BOND          ANGLE          DIHED          IMPRP               ELECT            VDW       BOUNDARY           MISC        KINETIC               TOTAL           TEMP      POTENTIAL         TOTAL3        TEMPAVG

ENERGY:    1000       195.6803       623.5183       688.6155        31.4437         -24833.3966      1887.8995         0.0000         0.0000      4513.6606         -16892.5787       296.4084    -21406.2393    -16878.5696       299.3646

WRITING EXTENDED SYSTEM TO RESTART FILE AT STEP 1000
WRITING COORDINATES TO DCD FILE sdf_ws_eq.dcd AT STEP 1000
WRITING COORDINATES TO RESTART FILE AT STEP 1000
FINISHED WRITING RESTART COORDINATES
The last position output (seq=1000) takes 0.000 seconds, 0.175 MB of memory in use
WRITING VELOCITIES TO RESTART FILE AT STEP 1000
FINISHED WRITING RESTART VELOCITIES
The last velocity output (seq=1000) takes 0.000 seconds, 0.175 MB of memory in use
ENERGY:    1100       193.5253       607.4620       697.6625        39.8928         -24742.7896      1834.7158         0.0000         0.0000      4531.4388         -16838.0925       297.5758    -21369.5312    -16823.7407       298.6427

ENERGY:    1200       210.1547       602.7380       698.0423        34.1910         -25036.2834      2013.2130         0.0000         0.0000      4653.4332         -16824.5112       305.5871    -21477.9443    -16808.5936       301.5190

WRITING COORDINATES TO DCD FILE sdf_ws_eq.dcd AT STEP 1250
The last position output (seq=1250) takes 0.000 seconds, 0.175 MB of memory in use
ENERGY:    1300       222.6662       601.0874       698.7177        36.7247         -24935.2513      1950.9691         0.0000         0.0000      4557.7937         -16867.2924       299.3066    -21425.0862    -16851.0888       302.2641

ENERGY:    1400       233.4728       619.4315       704.2743        33.1241         -24805.7047      1831.1503         0.0000         0.0000      4571.8757         -16812.3760       300.2313    -21384.2517    -16799.5474       300.1404

ENERGY:    1500       220.8519       631.9317       700.3899        37.4039         -24864.1194      1820.5452         0.0000         0.0000      4638.3732         -16814.6235       304.5981    -21452.9968    -16796.7976       302.4836

WRITING EXTENDED SYSTEM TO RESTART FILE AT STEP 1500
WRITING COORDINATES TO DCD FILE sdf_ws_eq.dcd AT STEP 1500
WRITING COORDINATES TO RESTART FILE AT STEP 1500
FINISHED WRITING RESTART COORDINATES
The last position output (seq=1500) takes 0.000 seconds, 0.175 MB of memory in use
WRITING VELOCITIES TO RESTART FILE AT STEP 1500
FINISHED WRITING RESTART VELOCITIES
The last velocity output (seq=1500) takes 0.000 seconds, 0.175 MB of memory in use
ENERGY:    1600       211.6190       634.8140       697.4467        38.4473         -24937.8356      1904.4963         0.0000         0.0000      4635.8114         -16815.2008       304.4299    -21451.0122    -16799.7045       303.9670

ENERGY:    1700       208.3504       641.0760       694.2981        39.1628         -24807.3768      1877.6478         0.0000         0.0000      4573.5690         -16773.2728       300.3425    -21346.8417    -16755.6048       308.1670

WRITING COORDINATES TO DCD FILE sdf_ws_eq.dcd AT STEP 1750
The last position output (seq=1750) takes 0.000 seconds, 0.175 MB of memory in use
ENERGY:    1800       233.0428       643.2217       707.2751        38.3087         -24976.5601      1870.9364         0.0000         0.0000      4696.2367         -16787.5386       308.3980    -21483.7753    -16770.8537       305.4991

ENERGY:    1900       241.7395       678.5656       708.5219        31.8577         -24827.7677      1813.0141         0.0000         0.0000      4587.4764         -16766.5925       301.2558    -21354.0689    -16753.6825       301.8327

TIMING: 2000  CPU: 159.238, 0.0755167/step  Wall: 160.181, 0.075524/step, 0.127971 hours remaining, 0.174797 MB of memory in use.
PERFORMANCE: 2000  averaging 2.28801 ns/day, 0.075524 sec/step with standard deviation 0
ETITLE:      TS           BOND          ANGLE          DIHED          IMPRP               ELECT            VDW       BOUNDARY           MISC        KINETIC               TOTAL           TEMP      POTENTIAL         TOTAL3        TEMPAVG

ENERGY:    2000       219.8194       634.2756       697.2534        38.0162         -24944.7980      1880.1061         0.0000         0.0000      4723.7547         -16751.5727       310.2051    -21475.3274    -16731.7768       305.2763

WRITING EXTENDED SYSTEM TO RESTART FILE AT STEP 2000
WRITING COORDINATES TO DCD FILE sdf_ws_eq.dcd AT STEP 2000
WRITING COORDINATES TO RESTART FILE AT STEP 2000
FINISHED WRITING RESTART COORDINATES
The last position output (seq=2000) takes 0.000 seconds, 0.175 MB of memory in use
WRITING VELOCITIES TO RESTART FILE AT STEP 2000
FINISHED WRITING RESTART VELOCITIES
The last velocity output (seq=2000) takes 0.000 seconds, 0.175 MB of memory in use
ENERGY:    2100       219.5722       656.0874       691.5903        37.9481         -24926.7377      1916.0207         0.0000         0.0000      4665.8009         -16739.7180       306.3993    -21405.5189    -16722.8063       308.2282

LDB: ============= START OF LOAD BALANCING ============== 170.956
LDB: ============== END OF LOAD BALANCING =============== 170.956
LDB: =============== DONE WITH MIGRATION ================ 170.956
LDB: ============= START OF LOAD BALANCING ============== 174.586
LDB: ============== END OF LOAD BALANCING =============== 174.586
LDB: =============== DONE WITH MIGRATION ================ 174.586
ENERGY:    2200       210.9266       699.6963       704.5460        38.7143         -25114.1486      2037.4010         0.0000         0.0000      4691.2532         -16731.6111       308.0707    -21422.8644    -16713.1109       306.5004

WRITING COORDINATES TO DCD FILE sdf_ws_eq.dcd AT STEP 2250
The last position output (seq=2250) takes 0.000 seconds, 0.175 MB of memory in use
ENERGY:    2300       225.8136       671.0317       702.2038        45.2058         -24883.3553      1803.3436         0.0000         0.0000      4691.5428         -16744.2141       308.0897    -21435.7569    -16726.6650       307.2690

ENERGY:    2400       257.5168       649.2256       704.6797        44.4460         -24925.8485      1845.6221         0.0000         0.0000      4715.1382         -16709.2202       309.6392    -21424.3584    -16690.9728       308.6775

ENERGY:    2500       227.9814       635.2387       728.4709        36.6864         -24848.4889      1793.2787         0.0000         0.0000      4672.9185         -16753.9143       306.8667    -21426.8328    -16736.6987       306.2179

WRITING EXTENDED SYSTEM TO RESTART FILE AT STEP 2500
WRITING COORDINATES TO DCD FILE sdf_ws_eq.dcd AT STEP 2500
WRITING COORDINATES TO RESTART FILE AT STEP 2500
FINISHED WRITING RESTART COORDINATES
The last position output (seq=2500) takes 0.000 seconds, 0.175 MB of memory in use
WRITING VELOCITIES TO RESTART FILE AT STEP 2500
FINISHED WRITING RESTART VELOCITIES
The last velocity output (seq=2500) takes 0.000 seconds, 0.175 MB of memory in use
ENERGY:    2600       242.8272       648.0576       720.0182        44.4375         -24976.4065      1899.8877         0.0000         0.0000      4686.7075         -16734.4708       307.7722    -21421.1783    -16715.7201       305.3708

ENERGY:    2700       216.8669       667.3343       702.8363        39.9659         -24913.2781      1834.4683         0.0000         0.0000      4664.9272         -16786.8793       306.3419    -21451.8065    -16768.8078       306.5594

WRITING COORDINATES TO DCD FILE sdf_ws_eq.dcd AT STEP 2750
ENERGY:    2800       252.6707       642.6642       717.0227        36.2058         -24949.8657      1851.7584         0.0000         0.0000      4668.2614         -16781.2825       306.5609    -21449.5439    -16764.8439       305.2255

ENERGY:    2900       231.7499       677.4040       681.1962        38.3858         -25004.1376      1928.9950         0.0000         0.0000      4643.2990         -16803.1077       304.9216    -21446.4068    -16785.7876       305.5165

TIMING: 3000  CPU: 233.948, 0.0747103/step  Wall: 234.893, 0.0747118/step, 0.105842 hours remaining, 0.174797 MB of memory in use.
PERFORMANCE: 3000  averaging 2.30038 ns/day, 0.0751179 sec/step with standard deviation 0.000574325
ETITLE:      TS           BOND          ANGLE          DIHED          IMPRP               ELECT            VDW       BOUNDARY           MISC        KINETIC               TOTAL           TEMP      POTENTIAL         TOTAL3        TEMPAVG

ENERGY:    3000       245.9047       669.3858       696.1025        39.9506         -25103.7732      1935.9898         0.0000         0.0000      4736.6699         -16779.7699       311.0532    -21516.4398    -16760.7347       308.2285

WRITING EXTENDED SYSTEM TO RESTART FILE AT STEP 3000
WRITING COORDINATES TO DCD FILE sdf_ws_eq.dcd AT STEP 3000
WRITING COORDINATES TO RESTART FILE AT STEP 3000
FINISHED WRITING RESTART COORDINATES
WRITING VELOCITIES TO RESTART FILE AT STEP 3000
FINISHED WRITING RESTART VELOCITIES
ENERGY:    3100       235.5135       674.2941       696.1355        44.8886         -24806.9499      1762.6601         0.0000         0.0000      4664.3720         -16729.0861       306.3055    -21393.4581    -16708.4223       308.6649

ENERGY:    3200       251.3715       673.2656       700.6143        35.6229         -24959.0016      1896.8919         0.0000         0.0000      4706.7619         -16694.4735       309.0892    -21401.2354    -16677.4136       310.6168

WRITING COORDINATES TO DCD FILE sdf_ws_eq.dcd AT STEP 3250
ENERGY:    3300       247.6029       659.1170       708.5940        39.1540         -24912.6349      1908.1366         0.0000         0.0000      4707.6346         -16642.3958       309.1465    -21350.0304    -16626.3875       310.4083

ENERGY:    3400       232.4631       667.6047       710.8930        32.4371         -24973.2627      1969.6191         0.0000         0.0000      4737.0441         -16623.2015       311.0778    -21360.2456    -16603.9409       310.8657

ENERGY:    3500       248.3689       659.6064       710.7878        43.7990         -24812.4866      1843.6615         0.0000         0.0000      4704.6750         -16601.5879       308.9521    -21306.2629    -16583.5803       311.3376

WRITING EXTENDED SYSTEM TO RESTART FILE AT STEP 3500
WRITING COORDINATES TO DCD FILE sdf_ws_eq.dcd AT STEP 3500
WRITING COORDINATES TO RESTART FILE AT STEP 3500
FINISHED WRITING RESTART COORDINATES
WRITING VELOCITIES TO RESTART FILE AT STEP 3500
FINISHED WRITING RESTART VELOCITIES
ENERGY:    3600       243.2960       671.6395       707.9141        41.8741         -24902.0522      1899.5804         0.0000         0.0000      4706.7087         -16631.0396       309.0857    -21337.7483    -16611.6413       309.8762

ENERGY:    3700       232.0438       630.2881       700.3157        34.7185         -24808.4692      1820.4728         0.0000         0.0000      4700.8362         -16689.7942       308.7000    -21390.6304    -16671.7339       307.4953

WRITING COORDINATES TO DCD FILE sdf_ws_eq.dcd AT STEP 3750
ENERGY:    3800       209.0509       702.1082       702.0195        39.9152         -24872.8250      1818.2083         0.0000         0.0000      4693.3537         -16708.1692       308.2087    -21401.5229    -16686.3710       308.5968

ENERGY:    3900       243.6269       641.4641       713.9403        39.1888         -24884.2647      1888.1622         0.0000         0.0000      4665.3580         -16692.5245       306.3702    -21357.8824    -16672.0119       306.4434

TIMING: 4000  CPU: 311.034, 0.077086/step  Wall: 311.984, 0.077091/step, 0.0877981 hours remaining, 0.174797 MB of memory in use.
PERFORMANCE: 4000  averaging 2.28042 ns/day, 0.0757756 sec/step with standard deviation 0.00120939
ETITLE:      TS           BOND          ANGLE          DIHED          IMPRP               ELECT            VDW       BOUNDARY           MISC        KINETIC               TOTAL           TEMP      POTENTIAL         TOTAL3        TEMPAVG

ENERGY:    4000       240.7805       674.2325       701.2273        44.0885         -25073.3723      1994.1401         0.0000         0.0000      4746.9633         -16671.9401       311.7292    -21418.9034    -16655.4867       310.3540

WRITING EXTENDED SYSTEM TO RESTART FILE AT STEP 4000
WRITING COORDINATES TO DCD FILE sdf_ws_eq.dcd AT STEP 4000
WRITING COORDINATES TO RESTART FILE AT STEP 4000
FINISHED WRITING RESTART COORDINATES
WRITING VELOCITIES TO RESTART FILE AT STEP 4000
FINISHED WRITING RESTART VELOCITIES
ENERGY:    4100       238.3690       673.9945       707.4387        30.8363         -24921.6559      1895.7386         0.0000         0.0000      4689.4267         -16685.8521       307.9508    -21375.2788    -16669.2243       308.5271

LDB: ============= START OF LOAD BALANCING ============== 323.982
LDB: ============== END OF LOAD BALANCING =============== 323.982
LDB: =============== DONE WITH MIGRATION ================ 323.983
LDB: ============= START OF LOAD BALANCING ============== 327.949
LDB: ============== END OF LOAD BALANCING =============== 327.949
LDB: =============== DONE WITH MIGRATION ================ 327.949
ENERGY:    4200       247.1609       641.5213       710.0546        47.7843         -24897.5731      1914.7289         0.0000         0.0000      4645.2262         -16691.0968       305.0482    -21336.3230    -16672.8912       309.3228

WRITING COORDINATES TO DCD FILE sdf_ws_eq.dcd AT STEP 4250
ENERGY:    4300       224.5577       664.9486       703.9093        40.5078         -24948.6504      1941.7709         0.0000         0.0000      4721.4616         -16651.4945       310.0545    -21372.9561    -16633.3200       310.3889

ENERGY:    4400       234.4650       640.4887       713.8746        43.8150         -24833.9225      1846.9123         0.0000         0.0000      4679.4941         -16674.8728       307.2985    -21354.3669    -16657.0304       307.8319

ENERGY:    4500       231.2221       655.9317       695.8015        30.1727         -24742.4892      1709.5077         0.0000         0.0000      4715.6899         -16704.1636       309.6755    -21419.8535    -16687.5454       308.0317

WRITING EXTENDED SYSTEM TO RESTART FILE AT STEP 4500
WRITING COORDINATES TO DCD FILE sdf_ws_eq.dcd AT STEP 4500
WRITING COORDINATES TO RESTART FILE AT STEP 4500
FINISHED WRITING RESTART COORDINATES
WRITING VELOCITIES TO RESTART FILE AT STEP 4500
FINISHED WRITING RESTART VELOCITIES
ENERGY:    4600       209.5394       702.2275       716.2465        32.8156         -24944.6374      1791.6951         0.0000         0.0000      4795.0366         -16697.0767       314.8861    -21492.1133    -16682.1014       311.3941

ENERGY:    4700       221.6484       659.6031       695.9202        38.4456         -24774.2985      1764.4404         0.0000         0.0000      4696.0330         -16698.2078       308.3846    -21394.2408    -16681.3519       309.9910

WRITING COORDINATES TO DCD FILE sdf_ws_eq.dcd AT STEP 4750
ENERGY:    4800       226.4825       638.9305       714.3193        34.2504         -24828.6139      1774.4890         0.0000         0.0000      4688.9270         -16751.2152       307.9180    -21440.1422    -16735.4323       308.0649

ENERGY:    4900       226.3417       656.3951       709.6860        42.8064         -25029.5193      1882.6193         0.0000         0.0000      4768.7115         -16742.9593       313.1574    -21511.6708    -16726.5858       308.5025

TIMING: 5000  CPU: 389.793, 0.0787593/step  Wall: 390.744, 0.0787602/step, 0.0678213 hours remaining, 0.174797 MB of memory in use.
PERFORMANCE: 5000  averaging 2.25818 ns/day, 0.0765218 sec/step with standard deviation 0.00178942
ETITLE:      TS           BOND          ANGLE          DIHED          IMPRP               ELECT            VDW       BOUNDARY           MISC        KINETIC               TOTAL           TEMP      POTENTIAL         TOTAL3        TEMPAVG

ENERGY:    5000       227.6525       648.3374       713.1073        35.5919         -24913.3546      1843.2960         0.0000         0.0000      4684.5469         -16760.8226       307.6303    -21445.3694    -16744.3521       307.9443

WRITING EXTENDED SYSTEM TO RESTART FILE AT STEP 5000
WRITING COORDINATES TO DCD FILE sdf_ws_eq.dcd AT STEP 5000
WRITING COORDINATES TO RESTART FILE AT STEP 5000
FINISHED WRITING RESTART COORDINATES
WRITING VELOCITIES TO RESTART FILE AT STEP 5000
FINISHED WRITING RESTART VELOCITIES
ENERGY:    5100       229.6962       668.4836       697.3713        49.5621         -24892.3878      1869.7336         0.0000         0.0000      4673.9716         -16703.5693       306.9359    -21377.5409    -16690.4641       309.8108

ENERGY:    5200       232.3175       647.4586       686.3897        37.8970         -24992.6958      1879.9413         0.0000         0.0000      4805.3862         -16703.3056       315.5658    -21508.6918    -16685.0790       311.3636

WRITING COORDINATES TO DCD FILE sdf_ws_eq.dcd AT STEP 5250
ENERGY:    5300       207.0604       640.0643       702.1076        34.1187         -24797.5485      1751.0469         0.0000         0.0000      4750.0831         -16713.0675       311.9340    -21463.1506    -16693.5388       311.9601

ENERGY:    5400       224.1548       653.2650       692.3754        34.9253         -24981.8846      1909.8522         0.0000         0.0000      4739.8311         -16727.4808       311.2608    -21467.3118    -16709.1104       311.1476

ENERGY:    5500       223.4934       664.9394       681.0124        31.9560         -24853.9801      1819.1934         0.0000         0.0000      4668.4748         -16764.9107       306.5749    -21433.3855    -16746.3955       308.1588

WRITING EXTENDED SYSTEM TO RESTART FILE AT STEP 5500
WRITING COORDINATES TO DCD FILE sdf_ws_eq.dcd AT STEP 5500
WRITING COORDINATES TO RESTART FILE AT STEP 5500
FINISHED WRITING RESTART COORDINATES
WRITING VELOCITIES TO RESTART FILE AT STEP 5500
FINISHED WRITING RESTART VELOCITIES
ENERGY:    5600       229.3940       708.1932       698.6646        36.7144         -25005.0181      1881.2252         0.0000         0.0000      4706.5281         -16744.2984       309.0738    -21450.8266    -16727.3024       309.6683

ENERGY:    5700       230.5662       672.3688       705.6985        37.5037         -25011.6108      1881.0874         0.0000         0.0000      4767.9871         -16716.3990       313.1098    -21484.3861    -16695.7624       309.8391

WRITING COORDINATES TO DCD FILE sdf_ws_eq.dcd AT STEP 5750
ENERGY:    5800       248.7837       660.7209       709.8519        40.8636         -24975.0564      1932.9396         0.0000         0.0000      4641.0452         -16740.8514       304.7736    -21381.8966    -16721.8652       311.1633

ENERGY:    5900       216.0327       645.0701       689.2660        42.4584         -24929.0274      1885.6831         0.0000         0.0000      4754.4602         -16696.0568       312.2215    -21450.5171    -16677.0719       311.1244

TIMING: 6000  CPU: 464.555, 0.0747621/step  Wall: 465.512, 0.0747678/step, 0.0436146 hours remaining, 0.174797 MB of memory in use.
PERFORMANCE: 6000  averaging 2.26858 ns/day, 0.076171 sec/step with standard deviation 0.00173689
ETITLE:      TS           BOND          ANGLE          DIHED          IMPRP               ELECT            VDW       BOUNDARY           MISC        KINETIC               TOTAL           TEMP      POTENTIAL         TOTAL3        TEMPAVG

ENERGY:    6000       245.3943       679.7635       716.4741        42.4618         -24850.0416      1819.3060         0.0000         0.0000      4653.1944         -16693.4476       305.5714    -21346.6420    -16679.1219       309.0902

WRITING EXTENDED SYSTEM TO RESTART FILE AT STEP 6000
WRITING COORDINATES TO DCD FILE sdf_ws_eq.dcd AT STEP 6000
WRITING COORDINATES TO RESTART FILE AT STEP 6000
FINISHED WRITING RESTART COORDINATES
WRITING VELOCITIES TO RESTART FILE AT STEP 6000
FINISHED WRITING RESTART VELOCITIES
ENERGY:    6100       221.4659       680.9797       715.8590        38.1319         -24891.8779      1848.9215         0.0000         0.0000      4695.5584         -16690.9616       308.3534    -21386.5199    -16671.3067       310.0917

LDB: ============= START OF LOAD BALANCING ============== 476.237
LDB: ============== END OF LOAD BALANCING =============== 476.237
LDB: =============== DONE WITH MIGRATION ================ 476.237
LDB: ============= START OF LOAD BALANCING ============== 479.853
LDB: ============== END OF LOAD BALANCING =============== 479.854
LDB: =============== DONE WITH MIGRATION ================ 479.854
ENERGY:    6200       225.8304       691.7750       711.1772        37.8098         -24968.2835      1851.7389         0.0000         0.0000      4729.6131         -16720.3391       310.5898    -21449.9522    -16705.5504       311.8632

WRITING COORDINATES TO DCD FILE sdf_ws_eq.dcd AT STEP 6250
ENERGY:    6300       228.4518       655.4949       712.0200        39.9211         -24870.7447      1772.0204         0.0000         0.0000      4737.9451         -16724.8915       311.1369    -21462.8366    -16704.9479       308.4798

ENERGY:    6400       214.5215       686.1953       707.5434        47.8240         -24884.0923      1833.8786         0.0000         0.0000      4663.5896         -16730.5400       306.2541    -21394.1296    -16713.0082       308.1844

ENERGY:    6500       231.4863       660.4623       709.8580        34.8433         -24918.8017      1874.6032         0.0000         0.0000      4703.4041         -16704.1444       308.8687    -21407.5485    -16683.6676       307.3560

WRITING EXTENDED SYSTEM TO RESTART FILE AT STEP 6500
WRITING COORDINATES TO DCD FILE sdf_ws_eq.dcd AT STEP 6500
WRITING COORDINATES TO RESTART FILE AT STEP 6500
FINISHED WRITING RESTART COORDINATES
WRITING VELOCITIES TO RESTART FILE AT STEP 6500
FINISHED WRITING RESTART VELOCITIES
ENERGY:    6600       226.5911       692.5044       710.7211        42.5338         -24850.7327      1778.7871         0.0000         0.0000      4748.0606         -16651.5346       311.8012    -21399.5952    -16629.1291       308.7290

ENERGY:    6700       244.5424       665.1270       698.9744        38.5693         -24842.0080      1878.6297         0.0000         0.0000      4683.5090         -16632.6563       307.5622    -21316.1652    -16613.1916       309.1170

WRITING COORDINATES TO DCD FILE sdf_ws_eq.dcd AT STEP 6750
ENERGY:    6800       207.0368       689.2852       688.0400        30.8249         -24729.5160      1730.9882         0.0000         0.0000      4758.1070         -16625.2339       312.4610    -21383.3409    -16606.5697       309.1691

ENERGY:    6900       218.0937       661.8854       712.9543        35.0434         -24964.3514      1956.9426         0.0000         0.0000      4788.0501         -16591.3819       314.4273    -21379.4320    -16573.3244       311.6759

TIMING: 7000  CPU: 538.163, 0.0736074/step  Wall: 539.129, 0.0736171/step, 0.0224941 hours remaining, 0.174797 MB of memory in use.
PERFORMANCE: 7000  averaging 2.28133 ns/day, 0.0757453 sec/step with standard deviation 0.00187095
ETITLE:      TS           BOND          ANGLE          DIHED          IMPRP               ELECT            VDW       BOUNDARY           MISC        KINETIC               TOTAL           TEMP      POTENTIAL         TOTAL3        TEMPAVG

ENERGY:    7000       208.1644       646.5355       732.3760        39.6433         -24771.8958      1837.9128         0.0000         0.0000      4727.9604         -16579.3034       310.4813    -21307.2638    -16561.7716       310.0684

WRITING EXTENDED SYSTEM TO RESTART FILE AT STEP 7000
WRITING COORDINATES TO DCD FILE sdf_ws_eq.dcd AT STEP 7000
WRITING COORDINATES TO RESTART FILE AT STEP 7000
FINISHED WRITING RESTART COORDINATES
WRITING VELOCITIES TO RESTART FILE AT STEP 7000
FINISHED WRITING RESTART VELOCITIES
ENERGY:    7100       237.5185       653.6568       700.7182        41.3199         -24834.5453      1822.1958         0.0000         0.0000      4805.6459         -16573.4902       315.5828    -21379.1361    -16555.0748       311.6071

ENERGY:    7200       246.7804       654.1760       707.9955        44.4734         -24872.0000      1907.8102         0.0000         0.0000      4729.1931         -16581.5714       310.5622    -21310.7644    -16562.3566       311.2915

WRITING COORDINATES TO DCD FILE sdf_ws_eq.dcd AT STEP 7250
ENERGY:    7300       218.0190       697.6146       682.8277        33.3817         -24815.6112      1875.9694         0.0000         0.0000      4708.9228         -16598.8760       309.2311    -21307.7988    -16581.5458       309.2553

ENERGY:    7400       251.0531       689.7125       709.8593        37.8677         -24914.5611      1895.0317         0.0000         0.0000      4775.1223         -16555.9146       313.5783    -21331.0369    -16535.9108       309.9520

ENERGY:    7500       252.1032       629.9208       713.7280        33.4665         -24756.2611      1895.1532         0.0000         0.0000      4686.2093         -16545.6800       307.7395    -21231.8893    -16528.7014       310.7001

WRITING EXTENDED SYSTEM TO RESTART FILE AT STEP 7500
WRITING COORDINATES TO DCD FILE sdf_ws_eq.dcd AT STEP 7500
WRITING COORDINATES TO RESTART FILE AT STEP 7500
FINISHED WRITING RESTART COORDINATES
WRITING VELOCITIES TO RESTART FILE AT STEP 7500
FINISHED WRITING RESTART VELOCITIES
ENERGY:    7600       206.2366       662.6302       708.5384        43.8993         -24642.1052      1793.1907         0.0000         0.0000      4723.4526         -16504.1575       310.1852    -21227.6101    -16485.0973       310.4582

ENERGY:    7700       215.0252       656.1404       675.9941        40.5140         -24900.1931      1972.7590         0.0000         0.0000      4802.5199         -16537.2404       315.3775    -21339.7603    -16523.6451       309.7738

WRITING COORDINATES TO DCD FILE sdf_ws_eq.dcd AT STEP 7750
ENERGY:    7800       258.7261       664.8812       685.7973        47.1880         -24720.8563      1805.0670         0.0000         0.0000      4727.3205         -16531.8762       310.4392    -21259.1968    -16511.8602       311.9562

ENERGY:    7900       236.4357       649.7983       708.4836        42.1229         -24788.9205      1908.0388         0.0000         0.0000      4732.3710         -16511.6702       310.7709    -21244.0412    -16496.1135       310.9127

TIMING: 8000  CPU: 613.364, 0.0752016/step  Wall: 614.339, 0.0752095/step, 0.00208915 hours remaining, 0.174797 MB of memory in use.
PERFORMANCE: 8000  averaging 2.28364 ns/day, 0.0756688 sec/step with standard deviation 0.0017199
ETITLE:      TS           BOND          ANGLE          DIHED          IMPRP               ELECT            VDW       BOUNDARY           MISC        KINETIC               TOTAL           TEMP      POTENTIAL         TOTAL3        TEMPAVG

ENERGY:    8000       214.6355       661.5968       689.3629        38.9217         -24692.0870      1836.0536         0.0000         0.0000      4694.9811         -16556.5354       308.3155    -21251.5166    -16536.9992       311.2107

WRITING EXTENDED SYSTEM TO RESTART FILE AT STEP 8000
WRITING COORDINATES TO DCD FILE sdf_ws_eq.dcd AT STEP 8000
WRITING COORDINATES TO RESTART FILE AT STEP 8000
FINISHED WRITING RESTART COORDINATES
WRITING VELOCITIES TO RESTART FILE AT STEP 8000
FINISHED WRITING RESTART VELOCITIES
ENERGY:    8100       235.1893       679.4272       691.8109        40.4816         -24725.0493      1814.6494         0.0000         0.0000      4756.3066         -16507.1843       312.3427    -21263.4909    -16485.5525       312.0155

WRITING EXTENDED SYSTEM TO OUTPUT FILE AT STEP 8100
WRITING COORDINATES TO OUTPUT FILE AT STEP 8100
CLOSING COORDINATE DCD FILE sdf_ws_eq.dcd
WRITING VELOCITIES TO OUTPUT FILE AT STEP 8100
====================================================

WallClock: 622.526550  CPUTime: 621.545349  Memory: 0.174797 MB
[Partition 0][Node 0] End of program
